2023-05-04 09:21:14,671 [INFO] MainUpdater:2854 - connection check result : 10
2023-05-04 09:21:14,918 [INFO] MainUpdater:2854 - connection check result : 10
2023-05-04 09:21:14,969 [INFO] MicroXplorer:468 - Change Database Path : 
2023-05-04 09:21:14,970 [INFO] MicroXplorer:498 - Change Database Version : DB.6.0.80
2023-05-04 09:21:15,004 [WARN] ThirdParty:871 - waiting for thirdparty lock release [close project]
2023-05-04 09:21:15,004 [INFO] ThirdParty:873 - entering critical section [close project]
2023-05-04 09:21:15,004 [INFO] ThirdParty:883 - exiting critical section [close project]
2023-05-04 09:21:15,006 [INFO] PinOutPanel:1499 - setPackage(No Configuration,No Configuration)
2023-05-04 09:21:15,014 [INFO] UtilMem:75 - Begin LoadConfig() Used Memory: 349147768 Bytes (696254464)
2023-05-04 09:21:15,015 [INFO] MicroXplorer:468 - Change Database Path : 
2023-05-04 09:21:15,015 [INFO] MicroXplorer:498 - Change Database Version : DB.6.0.80
2023-05-04 09:21:15,015 [INFO] OpenFileManager:308 - Change cursor
2023-05-04 09:21:15,036 [INFO] Mcu:1937 - Initializing MCU STM32F103R(8-B)Tx STM32F103RBTx STM32F103RBT6
2023-05-04 09:21:15,618 [INFO] Context:659 - Trying to add GPIOservice into a context  which must be forbidden
2023-05-04 09:21:15,840 [INFO] RtosManager:555 - Registered RTOS mode: class=CMSIS, group=RTOS, mode=CMSIS_V1, owner=FREERTOS
2023-05-04 09:21:15,840 [INFO] RtosManager:555 - Registered RTOS mode: class=CMSIS, group=RTOS2, mode=CMSIS_V2, owner=FREERTOS
2023-05-04 09:21:15,840 [INFO] RtosManager:555 - Registered RTOS mode: class=RTOS, group=Core, mode=CMSIS_V1, owner=FREERTOS
2023-05-04 09:21:15,840 [INFO] RtosManager:555 - Registered RTOS mode: class=RTOS, group=Core, mode=CMSIS_V2, owner=FREERTOS
2023-05-04 09:21:15,840 [WARN] ModelIntegratedComponent:184 - Missing modes for component STMicroelectronics:FreeRTOS:0.0.1:STMicroelectronics:RTOS:FreeRTOS:Core:::10.2.0:
2023-05-04 09:21:15,849 [WARN] ModelIntegratedComponent:63 - No mode defined for component null
2023-05-04 09:21:15,849 [WARN] ModelIntegratedComponent:63 - No mode defined for component null
2023-05-04 09:21:15,850 [WARN] ModelIntegratedComponent:63 - No mode defined for component null
2023-05-04 09:21:15,850 [WARN] ModelIntegratedComponent:63 - No mode defined for component null
2023-05-04 09:21:15,850 [WARN] ModelIntegratedComponent:63 - No mode defined for component null
2023-05-04 09:21:15,850 [WARN] ModelIntegratedComponent:63 - No mode defined for component null
2023-05-04 09:21:15,850 [WARN] ModelIntegratedComponent:63 - No mode defined for component null
2023-05-04 09:21:15,850 [WARN] ModelIntegratedComponent:63 - No mode defined for component null
2023-05-04 09:21:15,850 [WARN] ModelIntegratedComponent:63 - No mode defined for component null
2023-05-04 09:21:15,850 [WARN] ModelIntegratedComponent:63 - No mode defined for component null
2023-05-04 09:21:15,850 [WARN] ModelIntegratedComponent:63 - No mode defined for component null
2023-05-04 09:21:15,850 [WARN] ModelIntegratedComponent:63 - No mode defined for component null
2023-05-04 09:21:15,850 [WARN] ModelIntegratedComponent:63 - No mode defined for component null
2023-05-04 09:21:15,850 [WARN] ModelIntegratedComponent:63 - No mode defined for component null
2023-05-04 09:21:15,850 [WARN] ModelIntegratedComponent:63 - No mode defined for component null
2023-05-04 09:21:15,850 [WARN] ModelIntegratedComponent:63 - No mode defined for component null
2023-05-04 09:21:15,850 [WARN] ModelIntegratedComponent:63 - No mode defined for component null
2023-05-04 09:21:15,850 [WARN] ModelIntegratedComponent:63 - No mode defined for component null
2023-05-04 09:21:15,850 [WARN] ModelIntegratedComponent:63 - No mode defined for component null
2023-05-04 09:21:15,850 [WARN] ModelIntegratedComponent:63 - No mode defined for component null
2023-05-04 09:21:15,850 [WARN] ModelIntegratedComponent:63 - No mode defined for component null
2023-05-04 09:21:15,850 [WARN] ModelIntegratedComponent:63 - No mode defined for component null
2023-05-04 09:21:15,851 [WARN] ModelIntegratedComponent:63 - No mode defined for component null
2023-05-04 09:21:15,851 [WARN] ModelIntegratedComponent:63 - No mode defined for component null
2023-05-04 09:21:15,851 [WARN] ModelIntegratedComponent:63 - No mode defined for component null
2023-05-04 09:21:15,851 [WARN] ModelIntegratedComponent:63 - No mode defined for component null
2023-05-04 09:21:15,851 [WARN] ModelIntegratedComponent:63 - No mode defined for component null
2023-05-04 09:21:15,851 [WARN] ModelIntegratedComponent:63 - No mode defined for component null
2023-05-04 09:21:15,851 [WARN] ModelIntegratedComponent:63 - No mode defined for component null
2023-05-04 09:21:15,851 [WARN] ModelIntegratedComponent:63 - No mode defined for component null
2023-05-04 09:21:15,851 [WARN] ModelIntegratedComponent:63 - No mode defined for component null
2023-05-04 09:21:15,851 [WARN] ModelIntegratedComponent:63 - No mode defined for component null
2023-05-04 09:21:15,851 [WARN] ModelIntegratedComponent:63 - No mode defined for component null
2023-05-04 09:21:15,976 [INFO] ThirdPartyModel:298 - Start build external matchings
2023-05-04 09:21:16,433 [INFO] ThirdPartyModel:316 - End build external matchings
2023-05-04 09:21:16,441 [INFO] ImportTextPane:194 - (OptionalMessage_ERROR) IP (RCC) : Parameter (ADCFreqValue) has invalid value (36000000)
2023-05-04 09:21:16,442 [INFO] ImportTextPane:194 - (OptionalMessage_ERROR) IP (RCC) : Invalid parameter (FamilyName)
2023-05-04 09:21:16,442 [INFO] ImportTextPane:194 - (OptionalMessage_ERROR) IP (RCC) : Parameter (MCOFreq_Value) has invalid value (72000000)
2023-05-04 09:21:16,442 [INFO] ImportTextPane:194 - (OptionalMessage_ERROR) IP (RCC) : Parameter (USBFreq_Value) has invalid value (72000000)
2023-05-04 09:21:16,670 [INFO] UtilMem:75 - End LoadConfig() Used Memory: 482213224 Bytes (696254464)
2023-05-04 09:21:16,722 [WARN] ThirdParty:833 - waiting for thirdparty lock release [change project]
2023-05-04 09:21:16,722 [INFO] ThirdParty:835 - entering critical section [change project]
2023-05-04 09:21:16,722 [INFO] ThirdParty:1030 - CMSIS Pack Vendor :STMicroelectronics X-CUBE-ISPU 1.1.0
2023-05-04 09:21:16,722 [INFO] ThirdParty:1030 - CMSIS Pack Vendor :RoweBots I-CUBE-UNISONRTOS 5.5.0-4
2023-05-04 09:21:16,722 [INFO] ThirdParty:1030 - CMSIS Pack Vendor :STMicroelectronics X-CUBE-GNSS1 6.0.0
2023-05-04 09:21:16,722 [INFO] ThirdParty:1030 - CMSIS Pack Vendor :STMicroelectronics USB_HOST 2.0.0
2023-05-04 09:21:16,722 [INFO] ThirdParty:1030 - CMSIS Pack Vendor :STMicroelectronics X-CUBE-AZRTOS-F4 1.1.0
2023-05-04 09:21:16,722 [INFO] ThirdParty:1030 - CMSIS Pack Vendor :STMicroelectronics LIBJPEG 8.0.0
2023-05-04 09:21:16,722 [INFO] ThirdParty:1030 - CMSIS Pack Vendor :STMicroelectronics X-CUBE-SMBUS 2.1.0
2023-05-04 09:21:16,723 [INFO] ThirdParty:1030 - CMSIS Pack Vendor :wolfSSL I-CUBE-wolfSSL 5.6.0
2023-05-04 09:21:16,723 [INFO] ThirdParty:1030 - CMSIS Pack Vendor :STMicroelectronics USB_DEVICE 3.0.0
2023-05-04 09:21:16,723 [INFO] ThirdParty:1030 - CMSIS Pack Vendor :STMicroelectronics X-CUBE-AI 8.0.0
2023-05-04 09:21:16,723 [INFO] ThirdParty:1030 - CMSIS Pack Vendor :STMicroelectronics X-CUBE-FREERTOS 1.0.0
2023-05-04 09:21:16,723 [INFO] ThirdParty:1030 - CMSIS Pack Vendor :STMicroelectronics X-CUBE-FREERTOS 1.0.1
2023-05-04 09:21:16,723 [INFO] ThirdParty:1030 - CMSIS Pack Vendor :STMicroelectronics X-CUBE-TOUCHGFX 4.21.3
2023-05-04 09:21:16,723 [INFO] ThirdParty:1030 - CMSIS Pack Vendor :STMicroelectronics X-CUBE-AZRTOS-F7 1.1.0
2023-05-04 09:21:16,723 [INFO] ThirdParty:1030 - CMSIS Pack Vendor :STMicroelectronics USB_DEVICE 2.0.0
2023-05-04 09:21:16,723 [INFO] ThirdParty:1030 - CMSIS Pack Vendor :STMicroelectronics X-CUBE-MEMS1 9.6.0
2023-05-04 09:21:16,723 [INFO] ThirdParty:1030 - CMSIS Pack Vendor :STMicroelectronics X-CUBE-ALGOBUILD 1.3.0
2023-05-04 09:21:16,723 [INFO] ThirdParty:1030 - CMSIS Pack Vendor :STMicroelectronics X-CUBE-BLE1 6.2.4
2023-05-04 09:21:16,723 [INFO] ThirdParty:1030 - CMSIS Pack Vendor :STMicroelectronics X-CUBE-AZRTOS-L5 1.1.0
2023-05-04 09:21:16,723 [INFO] ThirdParty:1030 - CMSIS Pack Vendor :STMicroelectronics FreeRTOS 0.0.1
2023-05-04 09:21:16,723 [INFO] ThirdParty:1030 - CMSIS Pack Vendor :emotas I-CUBE-CANOPEN 1.1.3
2023-05-04 09:21:16,723 [INFO] ThirdParty:1030 - CMSIS Pack Vendor :STMicroelectronics X-CUBE-AZRTOS-G0 1.1.0
2023-05-04 09:21:16,723 [INFO] ThirdParty:1030 - CMSIS Pack Vendor :STMicroelectronics X-CUBE-BLEMGR 2.0.0
2023-05-04 09:21:16,723 [INFO] ThirdParty:1030 - CMSIS Pack Vendor :STMicroelectronics X-CUBE-SUBG2 5.0.0
2023-05-04 09:21:16,723 [INFO] ThirdParty:1030 - CMSIS Pack Vendor :STMicroelectronics X-CUBE-NFC4 3.0.0
2023-05-04 09:21:16,723 [INFO] ThirdParty:1030 - CMSIS Pack Vendor :STMicroelectronics STM32_WPAN 1.0.0
2023-05-04 09:21:16,723 [INFO] ThirdParty:1030 - CMSIS Pack Vendor :STMicroelectronics lwIP 2.0.3
2023-05-04 09:21:16,723 [INFO] ThirdParty:1030 - CMSIS Pack Vendor :STMicroelectronics USB_HOST 1.0.0
2023-05-04 09:21:16,723 [INFO] ThirdParty:1030 - CMSIS Pack Vendor :STMicroelectronics X-CUBE-AZRTOS-G4 2.0.0
2023-05-04 09:21:16,723 [INFO] ThirdParty:1030 - CMSIS Pack Vendor :STMicroelectronics PDM2PCM 3.1.0
2023-05-04 09:21:16,724 [INFO] ThirdParty:1030 - CMSIS Pack Vendor :STMicroelectronics X-CUBE-AZRTOS-H7 3.1.0
2023-05-04 09:21:16,724 [INFO] ThirdParty:1030 - CMSIS Pack Vendor :STMicroelectronics X-CUBE-TOF1 3.3.0
2023-05-04 09:21:16,724 [INFO] ThirdParty:1030 - CMSIS Pack Vendor :STMicroelectronics FP-ATR-ASTRA1 1.1.1
2023-05-04 09:21:16,724 [INFO] ThirdParty:1030 - CMSIS Pack Vendor :STMicroelectronics PDM2PCM 3.3.0
2023-05-04 09:21:16,724 [INFO] ThirdParty:1030 - CMSIS Pack Vendor :STMicroelectronics X-CUBE-DISPLAY 3.0.0
2023-05-04 09:21:16,724 [INFO] ThirdParty:1030 - CMSIS Pack Vendor :STMicroelectronics X-CUBE-AZRTOS-G4 1.0.0
2023-05-04 09:21:16,724 [INFO] ThirdParty:1030 - CMSIS Pack Vendor :STMicroelectronics FP-ATR-SIGFOX1 3.2.0
2023-05-04 09:21:16,724 [INFO] ThirdParty:1030 - CMSIS Pack Vendor :STMicroelectronics X-CUBE-AZRTOS-L4 1.0.0
2023-05-04 09:21:16,724 [INFO] ThirdParty:1030 - CMSIS Pack Vendor :STMicroelectronics HAL Drivers 0.0.0
2023-05-04 09:21:16,724 [INFO] ThirdParty:1030 - CMSIS Pack Vendor :STMicroelectronics MBEDTLS 2.16.2
2023-05-04 09:21:16,724 [INFO] ThirdParty:1030 - CMSIS Pack Vendor :STMicroelectronics MBEDTLS 2.14.1
2023-05-04 09:21:16,724 [INFO] ThirdParty:1030 - CMSIS Pack Vendor :STMicroelectronics X-CUBE-NFC7 1.0.0
2023-05-04 09:21:16,725 [INFO] ThirdParty:1030 - CMSIS Pack Vendor :STMicroelectronics X-CUBE-AZRTOS-WL 1.0.0
2023-05-04 09:21:16,725 [INFO] ThirdParty:1030 - CMSIS Pack Vendor :STMicroelectronics X-CUBE-EEPRMA1 4.1.0
2023-05-04 09:21:16,725 [INFO] ThirdParty:1030 - CMSIS Pack Vendor :portGmbH I-Cube-SoM-uGOAL 1.1.0
2023-05-04 09:21:16,725 [INFO] ThirdParty:1030 - CMSIS Pack Vendor :STMicroelectronics X-CUBE-ALS 1.0.1
2023-05-04 09:21:16,725 [INFO] ThirdParty:1030 - CMSIS Pack Vendor :STMicroelectronics X-CUBE-MEMS1 9.5.0
2023-05-04 09:21:16,725 [INFO] ThirdParty:1030 - CMSIS Pack Vendor :STMicroelectronics ThreadX 1.0.0
2023-05-04 09:21:16,725 [INFO] ThirdParty:1030 - CMSIS Pack Vendor :STMicroelectronics X-CUBE-AZRTOS-WB 1.1.0
2023-05-04 09:21:16,725 [INFO] ThirdParty:1030 - CMSIS Pack Vendor :SEGGER I-CUBE-embOS 1.3.1
2023-05-04 09:21:16,725 [INFO] ThirdParty:1030 - CMSIS Pack Vendor :STMicroelectronics USB_DEVICE 1.0.0
2023-05-04 09:21:16,725 [INFO] ThirdParty:1030 - CMSIS Pack Vendor :STMicroelectronics ThreadX 0.0.2
2023-05-04 09:21:16,725 [INFO] ThirdParty:1030 - CMSIS Pack Vendor :WES I-CUBE-Cesium 1.3.0
2023-05-04 09:21:16,725 [INFO] ThirdParty:1030 - CMSIS Pack Vendor :STMicroelectronics FP-ATR-ASTRA1 2.0.0
2023-05-04 09:21:16,725 [INFO] ThirdParty:1030 - CMSIS Pack Vendor :STMicroelectronics lwIP 2.1.2
2023-05-04 09:21:16,725 [INFO] ThirdParty:1030 - CMSIS Pack Vendor :STMicroelectronics X-CUBE-SFXS2LP1 4.0.0
2023-05-04 09:21:16,726 [INFO] ThirdParty:1030 - CMSIS Pack Vendor :STMicroelectronics X-CUBE-BLE2 3.3.0
2023-05-04 09:21:16,726 [INFO] ThirdParty:1030 - CMSIS Pack Vendor :STMicroelectronics PDM2PCM 3.2.0
2023-05-04 09:21:16,726 [INFO] ThirdParty:1030 - CMSIS Pack Vendor :STMicroelectronics X-CUBE-AZRTOS-H7 3.0.0
2023-05-04 09:21:16,726 [INFO] ThirdParty:841 - exiting critical section [change project]
2023-05-04 09:21:16,878 [INFO] PinOutPanel:1499 - setPackage(No Configuration,No Configuration)
2023-05-04 09:21:16,879 [INFO] PinOutPanel:1499 - setPackage(STM32F103RBTx,LQFP64)
2023-05-04 09:21:17,256 [INFO] UtilMem:75 - Before build in PCC Used Memory: 311939544 Bytes (696254464)
2023-05-04 09:21:17,476 [INFO] UtilMem:75 - After build in PCC Used Memory: 352834008 Bytes (696254464)
2023-05-04 09:21:17,496 [INFO] IPUIPlugin:80 - create IPUIPlugin
2023-05-04 09:21:17,496 [INFO] IPUIPlugin:80 - create IPUIPlugin
2023-05-04 09:21:17,496 [INFO] IPUIPlugin:80 - create IPUIPlugin
2023-05-04 09:21:17,497 [INFO] IPUIPlugin:80 - create IPUIPlugin
2023-05-04 09:21:17,497 [INFO] IPUIPlugin:80 - create IPUIPlugin
2023-05-04 09:21:17,497 [INFO] IPUIPlugin:80 - create IPUIPlugin
2023-05-04 09:21:17,497 [INFO] IPUIPlugin:80 - create IPUIPlugin
2023-05-04 09:21:17,497 [INFO] IPUIPlugin:80 - create IPUIPlugin
2023-05-04 09:21:17,497 [INFO] IPUIPlugin:80 - create IPUIPlugin
2023-05-04 09:21:17,497 [INFO] IPUIPlugin:80 - create IPUIPlugin
2023-05-04 09:21:17,497 [INFO] IPUIPlugin:80 - create IPUIPlugin
2023-05-04 09:21:17,498 [INFO] IPUIPlugin:80 - create IPUIPlugin
2023-05-04 09:21:17,498 [INFO] IPUIPlugin:80 - create IPUIPlugin
2023-05-04 09:21:17,498 [INFO] IPUIPlugin:80 - create IPUIPlugin
2023-05-04 09:21:17,498 [INFO] IPUIPlugin:80 - create IPUIPlugin
2023-05-04 09:21:17,498 [INFO] IPUIPlugin:80 - create IPUIPlugin
2023-05-04 09:21:17,499 [INFO] IPUIPlugin:80 - create IPUIPlugin
2023-05-04 09:21:17,499 [INFO] IPUIPlugin:80 - create IPUIPlugin
2023-05-04 09:21:17,499 [INFO] IPUIPlugin:80 - create IPUIPlugin
2023-05-04 09:21:17,500 [INFO] IPUIPlugin:80 - create IPUIPlugin
2023-05-04 09:21:17,500 [INFO] IPUIPlugin:80 - create IPUIPlugin
2023-05-04 09:21:17,500 [INFO] IPUIPlugin:80 - create IPUIPlugin
2023-05-04 09:21:17,500 [INFO] IPUIPlugin:80 - create IPUIPlugin
2023-05-04 09:21:17,500 [INFO] IPUIPlugin:80 - create IPUIPlugin
2023-05-04 09:21:17,501 [INFO] IPUIPlugin:80 - create IPUIPlugin
2023-05-04 09:21:17,501 [INFO] IPUIPlugin:80 - create IPUIPlugin
2023-05-04 09:21:17,501 [INFO] IPUIPlugin:80 - create IPUIPlugin
2023-05-04 09:21:17,539 [INFO] CADModel:165 - CPN selected for project levelSTM32F103RBT6
2023-05-04 09:21:17,539 [INFO] CADModel:114 - Register for checkConnection events
2023-05-04 09:21:17,608 [INFO] OpenFileManager:328 - Restore cursor
2023-05-04 09:21:35,221 [INFO] NvicIntPanel:101 - NVIC parent = com.st.microxplorer.plugins.ip.nvic.MultiNvicIntPanel[,0,0,0x0,invalid,layout=javax.swing.BoxLayout,alignmentX=0.0,alignmentY=0.0,border=,flags=9,maximumSize=,minimumSize=,preferredSize=]
2023-05-04 09:21:39,595 [INFO] UtilMem:75 - End SaveConfig() Used Memory: 471978280 Bytes (696254464)
2023-05-04 09:21:40,690 [INFO] UtilMem:75 - End SaveConfig() Used Memory: 488229160 Bytes (696254464)
2023-05-04 09:21:42,377 [INFO] UtilMem:75 - End SaveConfig() Used Memory: 529123624 Bytes (696254464)
2023-05-04 09:21:42,691 [INFO] BlockDiagram:2759 - set Specific Code input for plugin: NVIC
2023-05-04 09:21:42,692 [INFO] BlockDiagram:2759 - set Specific Code input for plugin: USART
2023-05-04 09:21:42,692 [INFO] BlockDiagram:2759 - set Specific Code input for plugin: USART
2023-05-04 09:21:42,692 [INFO] BlockDiagram:2759 - set Specific Code input for plugin: TIM1_8F1
2023-05-04 09:21:42,692 [INFO] BlockDiagram:2759 - set Specific Code input for plugin: SYS
2023-05-04 09:21:42,692 [INFO] BlockDiagram:2759 - set Specific Code input for plugin: GPIO
2023-05-04 09:21:42,692 [INFO] BlockDiagram:2759 - set Specific Code input for plugin: RCC
2023-05-04 09:21:42,692 [INFO] CodeGenerator:793 - code generatio: config db path: C:\ST\STM32CubeIDE_1.7.0\STM32CubeIDE\plugins\com.st.stm32cube.common.mx_6.8.0.202302231600\\db\
2023-05-04 09:21:43,036 [INFO] CodeEngine:255 - oldGeneratedFile, E:\IoT\Assignment\MCU\Signal_Control\MXTmpFiles\license.tmp_save
2023-05-04 09:21:43,116 [INFO] CodeEngine:279 - Generated code: E:\IoT\Assignment\MCU\Signal_Control\MXTmpFiles\license.tmp
2023-05-04 09:21:43,196 [INFO] CodeEngine:255 - oldGeneratedFile, E:\IoT\Assignment\MCU\Signal_Control\MXTmpFiles\gpio.tmp_save
2023-05-04 09:21:43,291 [INFO] CodeEngine:279 - Generated code: E:\IoT\Assignment\MCU\Signal_Control\MXTmpFiles\gpio.tmp
2023-05-04 09:21:43,526 [INFO] CodeEngine:255 - oldGeneratedFile, E:\IoT\Assignment\MCU\Signal_Control\Core\Src\stm32f1xx_it.c_save
2023-05-04 09:21:43,820 [INFO] CodeEngine:279 - Generated code: E:\IoT\Assignment\MCU\Signal_Control\Core\Src\stm32f1xx_it.c
2023-05-04 09:21:43,829 [INFO] CodeEngine:255 - oldGeneratedFile, E:\IoT\Assignment\MCU\Signal_Control\Core\Inc\stm32f1xx_it.h_save
2023-05-04 09:21:43,942 [INFO] CodeEngine:279 - Generated code: E:\IoT\Assignment\MCU\Signal_Control\Core\Inc\stm32f1xx_it.h
2023-05-04 09:21:43,969 [INFO] CodeEngine:255 - oldGeneratedFile, E:\IoT\Assignment\MCU\Signal_Control\Core\Src\stm32f1xx_hal_msp.c_save
2023-05-04 09:21:44,108 [INFO] CodeEngine:279 - Generated code: E:\IoT\Assignment\MCU\Signal_Control\Core\Src\stm32f1xx_hal_msp.c
2023-05-04 09:21:44,142 [INFO] CodeEngine:255 - oldGeneratedFile, E:\IoT\Assignment\MCU\Signal_Control\MXTmpFiles\system.tmp_save
2023-05-04 09:21:44,199 [INFO] CodeEngine:279 - Generated code: E:\IoT\Assignment\MCU\Signal_Control\MXTmpFiles\system.tmp
2023-05-04 09:21:44,222 [INFO] CodeEngine:311 - oldGeneratedFile, E:\IoT\Assignment\MCU\Signal_Control\Core\Inc\stm32f1xx_hal_conf.h_save
2023-05-04 09:21:44,329 [INFO] CodeEngine:335 - Generated code: E:\IoT\Assignment\MCU\Signal_Control\Core\Inc\stm32f1xx_hal_conf.h
2023-05-04 09:21:44,353 [WARN] IPConfigManager:3431 - IP not found : TIM
2023-05-04 09:21:44,354 [WARN] CodeGenerator:3754 - IP not found : null
2023-05-04 09:21:44,390 [INFO] CodeEngine:255 - oldGeneratedFile, E:\IoT\Assignment\MCU\Signal_Control\Core\Inc\main.h_save
2023-05-04 09:21:44,530 [INFO] CodeEngine:279 - Generated code: E:\IoT\Assignment\MCU\Signal_Control\Core\Inc\main.h
2023-05-04 09:21:44,548 [INFO] CodeEngine:255 - oldGeneratedFile, E:\IoT\Assignment\MCU\Signal_Control\Core\Src\main.c_save
2023-05-04 09:21:44,667 [INFO] CodeEngine:279 - Generated code: E:\IoT\Assignment\MCU\Signal_Control\Core\Src\main.c
2023-05-04 09:21:45,655 [INFO] ProjectBuilder:2996 - Time for Copy HAL[1] : 410mS.
2023-05-04 09:21:45,658 [INFO] ProjectBuilder:4304 - Project Generator version: 3.19.2
2023-05-04 09:21:46,167 [INFO] ConfigFileManager:1483 - The Die is : DIE410
2023-05-04 09:21:46,187 [INFO] ApiDbMcu:507 - Load IP Config File for FATFS
2023-05-04 09:21:46,228 [INFO] ApiDbMcu:507 - Load IP Config File for FREERTOS
2023-05-04 09:21:46,267 [INFO] ApiDbMcu:507 - Load IP Config File for USB_DEVICE
2023-05-04 09:21:47,920 [INFO] ProjectBuilder:4505 - Time for Generating toolchain IDE Files: 2262mS.
2023-05-04 09:21:47,921 [INFO] ProjectBuilder:2867 - Time for Copy CMSIS : 1mS.
2023-05-04 09:21:47,923 [INFO] ProjectBuilder:2867 - Time for Copy CMSIS : 0mS.
2023-05-04 09:33:35,270 [INFO] MainUpdater:2854 - connection check result : 10
2023-05-04 09:33:35,270 [INFO] MainUpdater:2854 - connection check result : 10
2023-05-04 09:33:35,288 [INFO] MicroXplorer:468 - Change Database Path : 
2023-05-04 09:33:35,288 [INFO] MicroXplorer:498 - Change Database Version : DB.6.0.80
2023-05-04 09:33:35,301 [WARN] ThirdParty:871 - waiting for thirdparty lock release [close project]
2023-05-04 09:33:35,302 [INFO] ThirdParty:873 - entering critical section [close project]
2023-05-04 09:33:35,302 [INFO] ThirdParty:883 - exiting critical section [close project]
2023-05-04 09:33:35,303 [INFO] PinOutPanel:1499 - setPackage(No Configuration,No Configuration)
2023-05-04 09:33:35,305 [INFO] UtilMem:75 - Begin LoadConfig() Used Memory: 461023464 Bytes (696254464)
2023-05-04 09:33:35,306 [INFO] MicroXplorer:468 - Change Database Path : 
2023-05-04 09:33:35,306 [INFO] MicroXplorer:498 - Change Database Version : DB.6.0.80
2023-05-04 09:33:35,306 [INFO] OpenFileManager:308 - Change cursor
2023-05-04 09:33:35,319 [INFO] RulesReader:64 - Compatibility file has been processed (293 Rules)
2023-05-04 09:33:35,322 [INFO] Mcu:1937 - Initializing MCU STM32F103R(8-B)Tx STM32F103RBTx STM32F103RBT6
2023-05-04 09:33:36,077 [INFO] Context:659 - Trying to add GPIOservice into a context  which must be forbidden
2023-05-04 09:33:36,264 [INFO] RtosManager:555 - Registered RTOS mode: class=CMSIS, group=RTOS, mode=CMSIS_V1, owner=FREERTOS
2023-05-04 09:33:36,264 [INFO] RtosManager:555 - Registered RTOS mode: class=CMSIS, group=RTOS2, mode=CMSIS_V2, owner=FREERTOS
2023-05-04 09:33:36,264 [INFO] RtosManager:555 - Registered RTOS mode: class=RTOS, group=Core, mode=CMSIS_V1, owner=FREERTOS
2023-05-04 09:33:36,264 [INFO] RtosManager:555 - Registered RTOS mode: class=RTOS, group=Core, mode=CMSIS_V2, owner=FREERTOS
2023-05-04 09:33:36,264 [WARN] ModelIntegratedComponent:184 - Missing modes for component STMicroelectronics:FreeRTOS:0.0.1:STMicroelectronics:RTOS:FreeRTOS:Core:::10.2.0:
2023-05-04 09:33:36,275 [WARN] ModelIntegratedComponent:63 - No mode defined for component null
2023-05-04 09:33:36,275 [WARN] ModelIntegratedComponent:63 - No mode defined for component null
2023-05-04 09:33:36,275 [WARN] ModelIntegratedComponent:63 - No mode defined for component null
2023-05-04 09:33:36,275 [WARN] ModelIntegratedComponent:63 - No mode defined for component null
2023-05-04 09:33:36,275 [WARN] ModelIntegratedComponent:63 - No mode defined for component null
2023-05-04 09:33:36,275 [WARN] ModelIntegratedComponent:63 - No mode defined for component null
2023-05-04 09:33:36,276 [WARN] ModelIntegratedComponent:63 - No mode defined for component null
2023-05-04 09:33:36,276 [WARN] ModelIntegratedComponent:63 - No mode defined for component null
2023-05-04 09:33:36,276 [WARN] ModelIntegratedComponent:63 - No mode defined for component null
2023-05-04 09:33:36,276 [WARN] ModelIntegratedComponent:63 - No mode defined for component null
2023-05-04 09:33:36,276 [WARN] ModelIntegratedComponent:63 - No mode defined for component null
2023-05-04 09:33:36,276 [WARN] ModelIntegratedComponent:63 - No mode defined for component null
2023-05-04 09:33:36,276 [WARN] ModelIntegratedComponent:63 - No mode defined for component null
2023-05-04 09:33:36,276 [WARN] ModelIntegratedComponent:63 - No mode defined for component null
2023-05-04 09:33:36,277 [WARN] ModelIntegratedComponent:63 - No mode defined for component null
2023-05-04 09:33:36,277 [WARN] ModelIntegratedComponent:63 - No mode defined for component null
2023-05-04 09:33:36,277 [WARN] ModelIntegratedComponent:63 - No mode defined for component null
2023-05-04 09:33:36,277 [WARN] ModelIntegratedComponent:63 - No mode defined for component null
2023-05-04 09:33:36,277 [WARN] ModelIntegratedComponent:63 - No mode defined for component null
2023-05-04 09:33:36,277 [WARN] ModelIntegratedComponent:63 - No mode defined for component null
2023-05-04 09:33:36,277 [WARN] ModelIntegratedComponent:63 - No mode defined for component null
2023-05-04 09:33:36,277 [WARN] ModelIntegratedComponent:63 - No mode defined for component null
2023-05-04 09:33:36,277 [WARN] ModelIntegratedComponent:63 - No mode defined for component null
2023-05-04 09:33:36,277 [WARN] ModelIntegratedComponent:63 - No mode defined for component null
2023-05-04 09:33:36,277 [WARN] ModelIntegratedComponent:63 - No mode defined for component null
2023-05-04 09:33:36,277 [WARN] ModelIntegratedComponent:63 - No mode defined for component null
2023-05-04 09:33:36,277 [WARN] ModelIntegratedComponent:63 - No mode defined for component null
2023-05-04 09:33:36,277 [WARN] ModelIntegratedComponent:63 - No mode defined for component null
2023-05-04 09:33:36,277 [WARN] ModelIntegratedComponent:63 - No mode defined for component null
2023-05-04 09:33:36,277 [WARN] ModelIntegratedComponent:63 - No mode defined for component null
2023-05-04 09:33:36,277 [WARN] ModelIntegratedComponent:63 - No mode defined for component null
2023-05-04 09:33:36,277 [WARN] ModelIntegratedComponent:63 - No mode defined for component null
2023-05-04 09:33:36,278 [WARN] ModelIntegratedComponent:63 - No mode defined for component null
2023-05-04 09:33:36,358 [INFO] ThirdPartyModel:298 - Start build external matchings
2023-05-04 09:33:36,805 [INFO] ThirdPartyModel:316 - End build external matchings
2023-05-04 09:33:36,811 [INFO] ImportTextPane:194 - (OptionalMessage_ERROR) IP (RCC) : Parameter (ADCFreqValue) has invalid value (36000000)
2023-05-04 09:33:36,811 [INFO] ImportTextPane:194 - (OptionalMessage_ERROR) IP (RCC) : Invalid parameter (FamilyName)
2023-05-04 09:33:36,811 [INFO] ImportTextPane:194 - (OptionalMessage_ERROR) IP (RCC) : Parameter (MCOFreq_Value) has invalid value (72000000)
2023-05-04 09:33:36,811 [INFO] ImportTextPane:194 - (OptionalMessage_ERROR) IP (RCC) : Parameter (USBFreq_Value) has invalid value (72000000)
2023-05-04 09:33:37,011 [INFO] UtilMem:75 - End LoadConfig() Used Memory: 497566320 Bytes (696254464)
2023-05-04 09:33:37,075 [WARN] ThirdParty:833 - waiting for thirdparty lock release [change project]
2023-05-04 09:33:37,075 [INFO] ThirdParty:835 - entering critical section [change project]
2023-05-04 09:33:37,076 [INFO] ThirdParty:1030 - CMSIS Pack Vendor :STMicroelectronics X-CUBE-ISPU 1.1.0
2023-05-04 09:33:37,076 [INFO] ThirdParty:1030 - CMSIS Pack Vendor :RoweBots I-CUBE-UNISONRTOS 5.5.0-4
2023-05-04 09:33:37,076 [INFO] ThirdParty:1030 - CMSIS Pack Vendor :STMicroelectronics X-CUBE-GNSS1 6.0.0
2023-05-04 09:33:37,076 [INFO] ThirdParty:1030 - CMSIS Pack Vendor :STMicroelectronics USB_HOST 2.0.0
2023-05-04 09:33:37,076 [INFO] ThirdParty:1030 - CMSIS Pack Vendor :STMicroelectronics X-CUBE-AZRTOS-F4 1.1.0
2023-05-04 09:33:37,076 [INFO] ThirdParty:1030 - CMSIS Pack Vendor :STMicroelectronics LIBJPEG 8.0.0
2023-05-04 09:33:37,076 [INFO] ThirdParty:1030 - CMSIS Pack Vendor :STMicroelectronics X-CUBE-SMBUS 2.1.0
2023-05-04 09:33:37,076 [INFO] ThirdParty:1030 - CMSIS Pack Vendor :wolfSSL I-CUBE-wolfSSL 5.6.0
2023-05-04 09:33:37,076 [INFO] ThirdParty:1030 - CMSIS Pack Vendor :STMicroelectronics USB_DEVICE 3.0.0
2023-05-04 09:33:37,076 [INFO] ThirdParty:1030 - CMSIS Pack Vendor :STMicroelectronics X-CUBE-AI 8.0.0
2023-05-04 09:33:37,077 [INFO] ThirdParty:1030 - CMSIS Pack Vendor :STMicroelectronics X-CUBE-FREERTOS 1.0.0
2023-05-04 09:33:37,077 [INFO] ThirdParty:1030 - CMSIS Pack Vendor :STMicroelectronics X-CUBE-FREERTOS 1.0.1
2023-05-04 09:33:37,077 [INFO] ThirdParty:1030 - CMSIS Pack Vendor :STMicroelectronics X-CUBE-TOUCHGFX 4.21.3
2023-05-04 09:33:37,077 [INFO] ThirdParty:1030 - CMSIS Pack Vendor :STMicroelectronics X-CUBE-AZRTOS-F7 1.1.0
2023-05-04 09:33:37,077 [INFO] ThirdParty:1030 - CMSIS Pack Vendor :STMicroelectronics USB_DEVICE 2.0.0
2023-05-04 09:33:37,077 [INFO] ThirdParty:1030 - CMSIS Pack Vendor :STMicroelectronics X-CUBE-MEMS1 9.6.0
2023-05-04 09:33:37,077 [INFO] ThirdParty:1030 - CMSIS Pack Vendor :STMicroelectronics X-CUBE-ALGOBUILD 1.3.0
2023-05-04 09:33:37,077 [INFO] ThirdParty:1030 - CMSIS Pack Vendor :STMicroelectronics X-CUBE-BLE1 6.2.4
2023-05-04 09:33:37,077 [INFO] ThirdParty:1030 - CMSIS Pack Vendor :STMicroelectronics X-CUBE-AZRTOS-L5 1.1.0
2023-05-04 09:33:37,077 [INFO] ThirdParty:1030 - CMSIS Pack Vendor :STMicroelectronics FreeRTOS 0.0.1
2023-05-04 09:33:37,077 [INFO] ThirdParty:1030 - CMSIS Pack Vendor :emotas I-CUBE-CANOPEN 1.1.3
2023-05-04 09:33:37,077 [INFO] ThirdParty:1030 - CMSIS Pack Vendor :STMicroelectronics X-CUBE-AZRTOS-G0 1.1.0
2023-05-04 09:33:37,077 [INFO] ThirdParty:1030 - CMSIS Pack Vendor :STMicroelectronics X-CUBE-BLEMGR 2.0.0
2023-05-04 09:33:37,077 [INFO] ThirdParty:1030 - CMSIS Pack Vendor :STMicroelectronics X-CUBE-SUBG2 5.0.0
2023-05-04 09:33:37,078 [INFO] ThirdParty:1030 - CMSIS Pack Vendor :STMicroelectronics X-CUBE-NFC4 3.0.0
2023-05-04 09:33:37,078 [INFO] ThirdParty:1030 - CMSIS Pack Vendor :STMicroelectronics STM32_WPAN 1.0.0
2023-05-04 09:33:37,078 [INFO] ThirdParty:1030 - CMSIS Pack Vendor :STMicroelectronics lwIP 2.0.3
2023-05-04 09:33:37,078 [INFO] ThirdParty:1030 - CMSIS Pack Vendor :STMicroelectronics USB_HOST 1.0.0
2023-05-04 09:33:37,078 [INFO] ThirdParty:1030 - CMSIS Pack Vendor :STMicroelectronics X-CUBE-AZRTOS-G4 2.0.0
2023-05-04 09:33:37,078 [INFO] ThirdParty:1030 - CMSIS Pack Vendor :STMicroelectronics PDM2PCM 3.1.0
2023-05-04 09:33:37,078 [INFO] ThirdParty:1030 - CMSIS Pack Vendor :STMicroelectronics X-CUBE-AZRTOS-H7 3.1.0
2023-05-04 09:33:37,078 [INFO] ThirdParty:1030 - CMSIS Pack Vendor :STMicroelectronics X-CUBE-TOF1 3.3.0
2023-05-04 09:33:37,078 [INFO] ThirdParty:1030 - CMSIS Pack Vendor :STMicroelectronics FP-ATR-ASTRA1 1.1.1
2023-05-04 09:33:37,078 [INFO] ThirdParty:1030 - CMSIS Pack Vendor :STMicroelectronics PDM2PCM 3.3.0
2023-05-04 09:33:37,078 [INFO] ThirdParty:1030 - CMSIS Pack Vendor :STMicroelectronics X-CUBE-DISPLAY 3.0.0
2023-05-04 09:33:37,078 [INFO] ThirdParty:1030 - CMSIS Pack Vendor :STMicroelectronics X-CUBE-AZRTOS-G4 1.0.0
2023-05-04 09:33:37,078 [INFO] ThirdParty:1030 - CMSIS Pack Vendor :STMicroelectronics FP-ATR-SIGFOX1 3.2.0
2023-05-04 09:33:37,078 [INFO] ThirdParty:1030 - CMSIS Pack Vendor :STMicroelectronics X-CUBE-AZRTOS-L4 1.0.0
2023-05-04 09:33:37,078 [INFO] ThirdParty:1030 - CMSIS Pack Vendor :STMicroelectronics HAL Drivers 0.0.0
2023-05-04 09:33:37,078 [INFO] ThirdParty:1030 - CMSIS Pack Vendor :STMicroelectronics MBEDTLS 2.16.2
2023-05-04 09:33:37,078 [INFO] ThirdParty:1030 - CMSIS Pack Vendor :STMicroelectronics MBEDTLS 2.14.1
2023-05-04 09:33:37,078 [INFO] ThirdParty:1030 - CMSIS Pack Vendor :STMicroelectronics X-CUBE-NFC7 1.0.0
2023-05-04 09:33:37,078 [INFO] ThirdParty:1030 - CMSIS Pack Vendor :STMicroelectronics X-CUBE-AZRTOS-WL 1.0.0
2023-05-04 09:33:37,078 [INFO] ThirdParty:1030 - CMSIS Pack Vendor :STMicroelectronics X-CUBE-EEPRMA1 4.1.0
2023-05-04 09:33:37,078 [INFO] ThirdParty:1030 - CMSIS Pack Vendor :portGmbH I-Cube-SoM-uGOAL 1.1.0
2023-05-04 09:33:37,079 [INFO] ThirdParty:1030 - CMSIS Pack Vendor :STMicroelectronics X-CUBE-ALS 1.0.1
2023-05-04 09:33:37,079 [INFO] ThirdParty:1030 - CMSIS Pack Vendor :STMicroelectronics X-CUBE-MEMS1 9.5.0
2023-05-04 09:33:37,079 [INFO] ThirdParty:1030 - CMSIS Pack Vendor :STMicroelectronics ThreadX 1.0.0
2023-05-04 09:33:37,079 [INFO] ThirdParty:1030 - CMSIS Pack Vendor :STMicroelectronics X-CUBE-AZRTOS-WB 1.1.0
2023-05-04 09:33:37,079 [INFO] ThirdParty:1030 - CMSIS Pack Vendor :SEGGER I-CUBE-embOS 1.3.1
2023-05-04 09:33:37,079 [INFO] ThirdParty:1030 - CMSIS Pack Vendor :STMicroelectronics USB_DEVICE 1.0.0
2023-05-04 09:33:37,079 [INFO] ThirdParty:1030 - CMSIS Pack Vendor :STMicroelectronics ThreadX 0.0.2
2023-05-04 09:33:37,079 [INFO] ThirdParty:1030 - CMSIS Pack Vendor :WES I-CUBE-Cesium 1.3.0
2023-05-04 09:33:37,079 [INFO] ThirdParty:1030 - CMSIS Pack Vendor :STMicroelectronics FP-ATR-ASTRA1 2.0.0
2023-05-04 09:33:37,079 [INFO] ThirdParty:1030 - CMSIS Pack Vendor :STMicroelectronics lwIP 2.1.2
2023-05-04 09:33:37,079 [INFO] ThirdParty:1030 - CMSIS Pack Vendor :STMicroelectronics X-CUBE-SFXS2LP1 4.0.0
2023-05-04 09:33:37,079 [INFO] ThirdParty:1030 - CMSIS Pack Vendor :STMicroelectronics X-CUBE-BLE2 3.3.0
2023-05-04 09:33:37,080 [INFO] ThirdParty:1030 - CMSIS Pack Vendor :STMicroelectronics PDM2PCM 3.2.0
2023-05-04 09:33:37,080 [INFO] ThirdParty:1030 - CMSIS Pack Vendor :STMicroelectronics X-CUBE-AZRTOS-H7 3.0.0
2023-05-04 09:33:37,080 [INFO] ThirdParty:841 - exiting critical section [change project]
2023-05-04 09:33:37,195 [INFO] PinOutPanel:1499 - setPackage(No Configuration,No Configuration)
2023-05-04 09:33:37,195 [INFO] PinOutPanel:1499 - setPackage(STM32F103RBTx,LQFP64)
2023-05-04 09:33:37,539 [INFO] UtilMem:75 - Before build in PCC Used Memory: 319482296 Bytes (696254464)
2023-05-04 09:33:37,708 [INFO] UtilMem:75 - After build in PCC Used Memory: 359850424 Bytes (696254464)
2023-05-04 09:33:37,726 [INFO] IPUIPlugin:80 - create IPUIPlugin
2023-05-04 09:33:37,726 [INFO] IPUIPlugin:80 - create IPUIPlugin
2023-05-04 09:33:37,726 [INFO] IPUIPlugin:80 - create IPUIPlugin
2023-05-04 09:33:37,727 [INFO] IPUIPlugin:80 - create IPUIPlugin
2023-05-04 09:33:37,727 [INFO] IPUIPlugin:80 - create IPUIPlugin
2023-05-04 09:33:37,727 [INFO] IPUIPlugin:80 - create IPUIPlugin
2023-05-04 09:33:37,727 [INFO] IPUIPlugin:80 - create IPUIPlugin
2023-05-04 09:33:37,727 [INFO] IPUIPlugin:80 - create IPUIPlugin
2023-05-04 09:33:37,727 [INFO] IPUIPlugin:80 - create IPUIPlugin
2023-05-04 09:33:37,727 [INFO] IPUIPlugin:80 - create IPUIPlugin
2023-05-04 09:33:37,727 [INFO] IPUIPlugin:80 - create IPUIPlugin
2023-05-04 09:33:37,728 [INFO] IPUIPlugin:80 - create IPUIPlugin
2023-05-04 09:33:37,728 [INFO] IPUIPlugin:80 - create IPUIPlugin
2023-05-04 09:33:37,728 [INFO] IPUIPlugin:80 - create IPUIPlugin
2023-05-04 09:33:37,729 [INFO] IPUIPlugin:80 - create IPUIPlugin
2023-05-04 09:33:37,729 [INFO] IPUIPlugin:80 - create IPUIPlugin
2023-05-04 09:33:37,729 [INFO] IPUIPlugin:80 - create IPUIPlugin
2023-05-04 09:33:37,729 [INFO] IPUIPlugin:80 - create IPUIPlugin
2023-05-04 09:33:37,729 [INFO] IPUIPlugin:80 - create IPUIPlugin
2023-05-04 09:33:37,729 [INFO] IPUIPlugin:80 - create IPUIPlugin
2023-05-04 09:33:37,729 [INFO] IPUIPlugin:80 - create IPUIPlugin
2023-05-04 09:33:37,730 [INFO] IPUIPlugin:80 - create IPUIPlugin
2023-05-04 09:33:37,730 [INFO] IPUIPlugin:80 - create IPUIPlugin
2023-05-04 09:33:37,730 [INFO] IPUIPlugin:80 - create IPUIPlugin
2023-05-04 09:33:37,730 [INFO] IPUIPlugin:80 - create IPUIPlugin
2023-05-04 09:33:37,731 [INFO] IPUIPlugin:80 - create IPUIPlugin
2023-05-04 09:33:37,731 [INFO] IPUIPlugin:80 - create IPUIPlugin
2023-05-04 09:33:37,769 [INFO] CADModel:165 - CPN selected for project levelSTM32F103RBT6
2023-05-04 09:33:37,770 [INFO] CADModel:114 - Register for checkConnection events
2023-05-04 09:33:37,834 [INFO] OpenFileManager:328 - Restore cursor
2023-05-04 10:00:48,015 [INFO] MainUpdater:2854 - connection check result : 10
2023-05-04 10:00:48,046 [INFO] MainUpdater:2854 - connection check result : 10
2023-05-04 10:00:48,344 [INFO] MicroXplorer:468 - Change Database Path : 
2023-05-04 10:00:48,344 [INFO] MicroXplorer:498 - Change Database Version : DB.6.0.80
2023-05-04 10:00:48,908 [WARN] ThirdParty:871 - waiting for thirdparty lock release [close project]
2023-05-04 10:00:48,908 [INFO] ThirdParty:873 - entering critical section [close project]
2023-05-04 10:00:48,908 [INFO] ThirdParty:883 - exiting critical section [close project]
2023-05-04 10:00:48,940 [INFO] PinOutPanel:1499 - setPackage(No Configuration,No Configuration)
2023-05-04 10:00:49,002 [INFO] UtilMem:75 - Begin LoadConfig() Used Memory: 568230016 Bytes (696254464)
2023-05-04 10:00:49,002 [INFO] MicroXplorer:468 - Change Database Path : 
2023-05-04 10:00:49,002 [INFO] MicroXplorer:498 - Change Database Version : DB.6.0.80
2023-05-04 10:00:49,002 [INFO] OpenFileManager:308 - Change cursor
2023-05-04 10:00:49,136 [INFO] Mcu:1937 - Initializing MCU STM32F103R(8-B)Tx STM32F103RBTx STM32F103RBT6
2023-05-04 10:00:54,856 [INFO] Context:659 - Trying to add GPIOservice into a context  which must be forbidden
2023-05-04 10:00:56,051 [INFO] RtosManager:555 - Registered RTOS mode: class=CMSIS, group=RTOS, mode=CMSIS_V1, owner=FREERTOS
2023-05-04 10:00:56,051 [INFO] RtosManager:555 - Registered RTOS mode: class=CMSIS, group=RTOS2, mode=CMSIS_V2, owner=FREERTOS
2023-05-04 10:00:56,174 [INFO] RtosManager:555 - Registered RTOS mode: class=RTOS, group=Core, mode=CMSIS_V1, owner=FREERTOS
2023-05-04 10:00:56,174 [INFO] RtosManager:555 - Registered RTOS mode: class=RTOS, group=Core, mode=CMSIS_V2, owner=FREERTOS
2023-05-04 10:00:56,174 [WARN] ModelIntegratedComponent:184 - Missing modes for component STMicroelectronics:FreeRTOS:0.0.1:STMicroelectronics:RTOS:FreeRTOS:Core:::10.2.0:
2023-05-04 10:00:56,190 [WARN] ModelIntegratedComponent:63 - No mode defined for component null
2023-05-04 10:00:56,190 [WARN] ModelIntegratedComponent:63 - No mode defined for component null
2023-05-04 10:00:56,190 [WARN] ModelIntegratedComponent:63 - No mode defined for component null
2023-05-04 10:00:56,190 [WARN] ModelIntegratedComponent:63 - No mode defined for component null
2023-05-04 10:00:56,190 [WARN] ModelIntegratedComponent:63 - No mode defined for component null
2023-05-04 10:00:56,190 [WARN] ModelIntegratedComponent:63 - No mode defined for component null
2023-05-04 10:00:56,190 [WARN] ModelIntegratedComponent:63 - No mode defined for component null
2023-05-04 10:00:56,190 [WARN] ModelIntegratedComponent:63 - No mode defined for component null
2023-05-04 10:00:56,190 [WARN] ModelIntegratedComponent:63 - No mode defined for component null
2023-05-04 10:00:56,190 [WARN] ModelIntegratedComponent:63 - No mode defined for component null
2023-05-04 10:00:56,190 [WARN] ModelIntegratedComponent:63 - No mode defined for component null
2023-05-04 10:00:56,190 [WARN] ModelIntegratedComponent:63 - No mode defined for component null
2023-05-04 10:00:56,190 [WARN] ModelIntegratedComponent:63 - No mode defined for component null
2023-05-04 10:00:56,190 [WARN] ModelIntegratedComponent:63 - No mode defined for component null
2023-05-04 10:00:56,190 [WARN] ModelIntegratedComponent:63 - No mode defined for component null
2023-05-04 10:00:56,190 [WARN] ModelIntegratedComponent:63 - No mode defined for component null
2023-05-04 10:00:56,190 [WARN] ModelIntegratedComponent:63 - No mode defined for component null
2023-05-04 10:00:56,190 [WARN] ModelIntegratedComponent:63 - No mode defined for component null
2023-05-04 10:00:56,190 [WARN] ModelIntegratedComponent:63 - No mode defined for component null
2023-05-04 10:00:56,190 [WARN] ModelIntegratedComponent:63 - No mode defined for component null
2023-05-04 10:00:56,190 [WARN] ModelIntegratedComponent:63 - No mode defined for component null
2023-05-04 10:00:56,190 [WARN] ModelIntegratedComponent:63 - No mode defined for component null
2023-05-04 10:00:56,190 [WARN] ModelIntegratedComponent:63 - No mode defined for component null
2023-05-04 10:00:56,190 [WARN] ModelIntegratedComponent:63 - No mode defined for component null
2023-05-04 10:00:56,190 [WARN] ModelIntegratedComponent:63 - No mode defined for component null
2023-05-04 10:00:56,190 [WARN] ModelIntegratedComponent:63 - No mode defined for component null
2023-05-04 10:00:56,190 [WARN] ModelIntegratedComponent:63 - No mode defined for component null
2023-05-04 10:00:56,190 [WARN] ModelIntegratedComponent:63 - No mode defined for component null
2023-05-04 10:00:56,190 [WARN] ModelIntegratedComponent:63 - No mode defined for component null
2023-05-04 10:00:56,190 [WARN] ModelIntegratedComponent:63 - No mode defined for component null
2023-05-04 10:00:56,190 [WARN] ModelIntegratedComponent:63 - No mode defined for component null
2023-05-04 10:00:56,190 [WARN] ModelIntegratedComponent:63 - No mode defined for component null
2023-05-04 10:00:56,190 [WARN] ModelIntegratedComponent:63 - No mode defined for component null
2023-05-04 10:00:56,268 [INFO] ThirdPartyModel:298 - Start build external matchings
2023-05-04 10:00:56,708 [INFO] ThirdPartyModel:316 - End build external matchings
2023-05-04 10:00:56,708 [INFO] ImportTextPane:194 - (OptionalMessage_ERROR) IP (RCC) : Parameter (ADCFreqValue) has invalid value (36000000)
2023-05-04 10:00:56,708 [INFO] ImportTextPane:194 - (OptionalMessage_ERROR) IP (RCC) : Invalid parameter (FamilyName)
2023-05-04 10:00:56,708 [INFO] ImportTextPane:194 - (OptionalMessage_ERROR) IP (RCC) : Parameter (MCOFreq_Value) has invalid value (72000000)
2023-05-04 10:00:56,708 [INFO] ImportTextPane:194 - (OptionalMessage_ERROR) IP (RCC) : Parameter (USBFreq_Value) has invalid value (72000000)
2023-05-04 10:00:56,990 [INFO] UtilMem:75 - End LoadConfig() Used Memory: 584103000 Bytes (696254464)
2023-05-04 10:00:57,084 [WARN] ThirdParty:833 - waiting for thirdparty lock release [change project]
2023-05-04 10:00:57,084 [INFO] ThirdParty:835 - entering critical section [change project]
2023-05-04 10:00:57,084 [INFO] ThirdParty:1030 - CMSIS Pack Vendor :STMicroelectronics X-CUBE-ISPU 1.1.0
2023-05-04 10:00:57,084 [INFO] ThirdParty:1030 - CMSIS Pack Vendor :RoweBots I-CUBE-UNISONRTOS 5.5.0-4
2023-05-04 10:00:57,084 [INFO] ThirdParty:1030 - CMSIS Pack Vendor :STMicroelectronics X-CUBE-GNSS1 6.0.0
2023-05-04 10:00:57,084 [INFO] ThirdParty:1030 - CMSIS Pack Vendor :STMicroelectronics USB_HOST 2.0.0
2023-05-04 10:00:57,084 [INFO] ThirdParty:1030 - CMSIS Pack Vendor :STMicroelectronics X-CUBE-AZRTOS-F4 1.1.0
2023-05-04 10:00:57,084 [INFO] ThirdParty:1030 - CMSIS Pack Vendor :STMicroelectronics LIBJPEG 8.0.0
2023-05-04 10:00:57,084 [INFO] ThirdParty:1030 - CMSIS Pack Vendor :STMicroelectronics X-CUBE-SMBUS 2.1.0
2023-05-04 10:00:57,084 [INFO] ThirdParty:1030 - CMSIS Pack Vendor :wolfSSL I-CUBE-wolfSSL 5.6.0
2023-05-04 10:00:57,084 [INFO] ThirdParty:1030 - CMSIS Pack Vendor :STMicroelectronics USB_DEVICE 3.0.0
2023-05-04 10:00:57,084 [INFO] ThirdParty:1030 - CMSIS Pack Vendor :STMicroelectronics X-CUBE-AI 8.0.0
2023-05-04 10:00:57,084 [INFO] ThirdParty:1030 - CMSIS Pack Vendor :STMicroelectronics X-CUBE-FREERTOS 1.0.0
2023-05-04 10:00:57,084 [INFO] ThirdParty:1030 - CMSIS Pack Vendor :STMicroelectronics X-CUBE-FREERTOS 1.0.1
2023-05-04 10:00:57,084 [INFO] ThirdParty:1030 - CMSIS Pack Vendor :STMicroelectronics X-CUBE-TOUCHGFX 4.21.3
2023-05-04 10:00:57,084 [INFO] ThirdParty:1030 - CMSIS Pack Vendor :STMicroelectronics X-CUBE-AZRTOS-F7 1.1.0
2023-05-04 10:00:57,084 [INFO] ThirdParty:1030 - CMSIS Pack Vendor :STMicroelectronics USB_DEVICE 2.0.0
2023-05-04 10:00:57,084 [INFO] ThirdParty:1030 - CMSIS Pack Vendor :STMicroelectronics X-CUBE-MEMS1 9.6.0
2023-05-04 10:00:57,084 [INFO] ThirdParty:1030 - CMSIS Pack Vendor :STMicroelectronics X-CUBE-ALGOBUILD 1.3.0
2023-05-04 10:00:57,084 [INFO] ThirdParty:1030 - CMSIS Pack Vendor :STMicroelectronics X-CUBE-BLE1 6.2.4
2023-05-04 10:00:57,084 [INFO] ThirdParty:1030 - CMSIS Pack Vendor :STMicroelectronics X-CUBE-AZRTOS-L5 1.1.0
2023-05-04 10:00:57,084 [INFO] ThirdParty:1030 - CMSIS Pack Vendor :STMicroelectronics FreeRTOS 0.0.1
2023-05-04 10:00:57,084 [INFO] ThirdParty:1030 - CMSIS Pack Vendor :emotas I-CUBE-CANOPEN 1.1.3
2023-05-04 10:00:57,084 [INFO] ThirdParty:1030 - CMSIS Pack Vendor :STMicroelectronics X-CUBE-AZRTOS-G0 1.1.0
2023-05-04 10:00:57,084 [INFO] ThirdParty:1030 - CMSIS Pack Vendor :STMicroelectronics X-CUBE-BLEMGR 2.0.0
2023-05-04 10:00:57,084 [INFO] ThirdParty:1030 - CMSIS Pack Vendor :STMicroelectronics X-CUBE-SUBG2 5.0.0
2023-05-04 10:00:57,084 [INFO] ThirdParty:1030 - CMSIS Pack Vendor :STMicroelectronics X-CUBE-NFC4 3.0.0
2023-05-04 10:00:57,084 [INFO] ThirdParty:1030 - CMSIS Pack Vendor :STMicroelectronics STM32_WPAN 1.0.0
2023-05-04 10:00:57,084 [INFO] ThirdParty:1030 - CMSIS Pack Vendor :STMicroelectronics lwIP 2.0.3
2023-05-04 10:00:57,084 [INFO] ThirdParty:1030 - CMSIS Pack Vendor :STMicroelectronics USB_HOST 1.0.0
2023-05-04 10:00:57,084 [INFO] ThirdParty:1030 - CMSIS Pack Vendor :STMicroelectronics X-CUBE-AZRTOS-G4 2.0.0
2023-05-04 10:00:57,084 [INFO] ThirdParty:1030 - CMSIS Pack Vendor :STMicroelectronics PDM2PCM 3.1.0
2023-05-04 10:00:57,084 [INFO] ThirdParty:1030 - CMSIS Pack Vendor :STMicroelectronics X-CUBE-AZRTOS-H7 3.1.0
2023-05-04 10:00:57,084 [INFO] ThirdParty:1030 - CMSIS Pack Vendor :STMicroelectronics X-CUBE-TOF1 3.3.0
2023-05-04 10:00:57,084 [INFO] ThirdParty:1030 - CMSIS Pack Vendor :STMicroelectronics FP-ATR-ASTRA1 1.1.1
2023-05-04 10:00:57,084 [INFO] ThirdParty:1030 - CMSIS Pack Vendor :STMicroelectronics PDM2PCM 3.3.0
2023-05-04 10:00:57,084 [INFO] ThirdParty:1030 - CMSIS Pack Vendor :STMicroelectronics X-CUBE-DISPLAY 3.0.0
2023-05-04 10:00:57,084 [INFO] ThirdParty:1030 - CMSIS Pack Vendor :STMicroelectronics X-CUBE-AZRTOS-G4 1.0.0
2023-05-04 10:00:57,084 [INFO] ThirdParty:1030 - CMSIS Pack Vendor :STMicroelectronics FP-ATR-SIGFOX1 3.2.0
2023-05-04 10:00:57,084 [INFO] ThirdParty:1030 - CMSIS Pack Vendor :STMicroelectronics X-CUBE-AZRTOS-L4 1.0.0
2023-05-04 10:00:57,084 [INFO] ThirdParty:1030 - CMSIS Pack Vendor :STMicroelectronics HAL Drivers 0.0.0
2023-05-04 10:00:57,084 [INFO] ThirdParty:1030 - CMSIS Pack Vendor :STMicroelectronics MBEDTLS 2.16.2
2023-05-04 10:00:57,084 [INFO] ThirdParty:1030 - CMSIS Pack Vendor :STMicroelectronics MBEDTLS 2.14.1
2023-05-04 10:00:57,084 [INFO] ThirdParty:1030 - CMSIS Pack Vendor :STMicroelectronics X-CUBE-NFC7 1.0.0
2023-05-04 10:00:57,084 [INFO] ThirdParty:1030 - CMSIS Pack Vendor :STMicroelectronics X-CUBE-AZRTOS-WL 1.0.0
2023-05-04 10:00:57,084 [INFO] ThirdParty:1030 - CMSIS Pack Vendor :STMicroelectronics X-CUBE-EEPRMA1 4.1.0
2023-05-04 10:00:57,084 [INFO] ThirdParty:1030 - CMSIS Pack Vendor :portGmbH I-Cube-SoM-uGOAL 1.1.0
2023-05-04 10:00:57,084 [INFO] ThirdParty:1030 - CMSIS Pack Vendor :STMicroelectronics X-CUBE-ALS 1.0.1
2023-05-04 10:00:57,084 [INFO] ThirdParty:1030 - CMSIS Pack Vendor :STMicroelectronics X-CUBE-MEMS1 9.5.0
2023-05-04 10:00:57,084 [INFO] ThirdParty:1030 - CMSIS Pack Vendor :STMicroelectronics ThreadX 1.0.0
2023-05-04 10:00:57,084 [INFO] ThirdParty:1030 - CMSIS Pack Vendor :STMicroelectronics X-CUBE-AZRTOS-WB 1.1.0
2023-05-04 10:00:57,084 [INFO] ThirdParty:1030 - CMSIS Pack Vendor :SEGGER I-CUBE-embOS 1.3.1
2023-05-04 10:00:57,084 [INFO] ThirdParty:1030 - CMSIS Pack Vendor :STMicroelectronics USB_DEVICE 1.0.0
2023-05-04 10:00:57,084 [INFO] ThirdParty:1030 - CMSIS Pack Vendor :STMicroelectronics ThreadX 0.0.2
2023-05-04 10:00:57,084 [INFO] ThirdParty:1030 - CMSIS Pack Vendor :WES I-CUBE-Cesium 1.3.0
2023-05-04 10:00:57,084 [INFO] ThirdParty:1030 - CMSIS Pack Vendor :STMicroelectronics FP-ATR-ASTRA1 2.0.0
2023-05-04 10:00:57,084 [INFO] ThirdParty:1030 - CMSIS Pack Vendor :STMicroelectronics lwIP 2.1.2
2023-05-04 10:00:57,084 [INFO] ThirdParty:1030 - CMSIS Pack Vendor :STMicroelectronics X-CUBE-SFXS2LP1 4.0.0
2023-05-04 10:00:57,084 [INFO] ThirdParty:1030 - CMSIS Pack Vendor :STMicroelectronics X-CUBE-BLE2 3.3.0
2023-05-04 10:00:57,084 [INFO] ThirdParty:1030 - CMSIS Pack Vendor :STMicroelectronics PDM2PCM 3.2.0
2023-05-04 10:00:57,084 [INFO] ThirdParty:1030 - CMSIS Pack Vendor :STMicroelectronics X-CUBE-AZRTOS-H7 3.0.0
2023-05-04 10:00:57,084 [INFO] ThirdParty:841 - exiting critical section [change project]
2023-05-04 10:00:57,492 [INFO] PinOutPanel:1499 - setPackage(No Configuration,No Configuration)
2023-05-04 10:00:57,508 [INFO] PinOutPanel:1499 - setPackage(STM32F103RBTx,LQFP64)
2023-05-04 10:00:57,855 [INFO] UtilMem:75 - Before build in PCC Used Memory: 338693496 Bytes (696254464)
2023-05-04 10:00:58,167 [INFO] UtilMem:75 - After build in PCC Used Memory: 377490824 Bytes (696254464)
2023-05-04 10:00:58,183 [INFO] IPUIPlugin:80 - create IPUIPlugin
2023-05-04 10:00:58,183 [INFO] IPUIPlugin:80 - create IPUIPlugin
2023-05-04 10:00:58,183 [INFO] IPUIPlugin:80 - create IPUIPlugin
2023-05-04 10:00:58,183 [INFO] IPUIPlugin:80 - create IPUIPlugin
2023-05-04 10:00:58,183 [INFO] IPUIPlugin:80 - create IPUIPlugin
2023-05-04 10:00:58,183 [INFO] IPUIPlugin:80 - create IPUIPlugin
2023-05-04 10:00:58,183 [INFO] IPUIPlugin:80 - create IPUIPlugin
2023-05-04 10:00:58,183 [INFO] IPUIPlugin:80 - create IPUIPlugin
2023-05-04 10:00:58,183 [INFO] IPUIPlugin:80 - create IPUIPlugin
2023-05-04 10:00:58,183 [INFO] IPUIPlugin:80 - create IPUIPlugin
2023-05-04 10:00:58,198 [INFO] IPUIPlugin:80 - create IPUIPlugin
2023-05-04 10:00:58,198 [INFO] IPUIPlugin:80 - create IPUIPlugin
2023-05-04 10:00:58,198 [INFO] IPUIPlugin:80 - create IPUIPlugin
2023-05-04 10:00:58,198 [INFO] IPUIPlugin:80 - create IPUIPlugin
2023-05-04 10:00:58,198 [INFO] IPUIPlugin:80 - create IPUIPlugin
2023-05-04 10:00:58,198 [INFO] IPUIPlugin:80 - create IPUIPlugin
2023-05-04 10:00:58,198 [INFO] IPUIPlugin:80 - create IPUIPlugin
2023-05-04 10:00:58,198 [INFO] IPUIPlugin:80 - create IPUIPlugin
2023-05-04 10:00:58,198 [INFO] IPUIPlugin:80 - create IPUIPlugin
2023-05-04 10:00:58,198 [INFO] IPUIPlugin:80 - create IPUIPlugin
2023-05-04 10:00:58,198 [INFO] IPUIPlugin:80 - create IPUIPlugin
2023-05-04 10:00:58,198 [INFO] IPUIPlugin:80 - create IPUIPlugin
2023-05-04 10:00:58,198 [INFO] IPUIPlugin:80 - create IPUIPlugin
2023-05-04 10:00:58,198 [INFO] IPUIPlugin:80 - create IPUIPlugin
2023-05-04 10:00:58,198 [INFO] IPUIPlugin:80 - create IPUIPlugin
2023-05-04 10:00:58,198 [INFO] IPUIPlugin:80 - create IPUIPlugin
2023-05-04 10:00:58,198 [INFO] IPUIPlugin:80 - create IPUIPlugin
2023-05-04 10:00:58,245 [INFO] CADModel:165 - CPN selected for project levelSTM32F103RBT6
2023-05-04 10:00:58,245 [INFO] CADModel:114 - Register for checkConnection events
2023-05-04 10:00:58,371 [INFO] OpenFileManager:328 - Restore cursor
2023-05-04 10:02:10,071 [INFO] NvicIntPanel:101 - NVIC parent = com.st.microxplorer.plugins.ip.nvic.MultiNvicIntPanel[,0,0,450x161,layout=javax.swing.BoxLayout,alignmentX=0.0,alignmentY=0.0,border=,flags=9,maximumSize=,minimumSize=,preferredSize=]
2023-05-04 10:02:11,895 [INFO] NvicIntPanel:101 - NVIC parent = com.st.microxplorer.plugins.ip.nvic.MultiNvicIntPanel[,0,0,0x0,invalid,layout=javax.swing.BoxLayout,alignmentX=0.0,alignmentY=0.0,border=,flags=9,maximumSize=,minimumSize=,preferredSize=]
2023-05-04 10:02:21,387 [INFO] NvicIntPanel:101 - NVIC parent = com.st.microxplorer.plugins.ip.nvic.MultiNvicIntPanel[,0,0,0x0,invalid,layout=javax.swing.BoxLayout,alignmentX=0.0,alignmentY=0.0,border=,flags=9,maximumSize=,minimumSize=,preferredSize=]
2023-05-04 10:02:24,162 [INFO] UtilMem:75 - End SaveConfig() Used Memory: 305571752 Bytes (696254464)
2023-05-04 10:02:25,110 [INFO] UtilMem:75 - End SaveConfig() Used Memory: 322348968 Bytes (696254464)
2023-05-04 10:02:26,814 [INFO] UtilMem:75 - End SaveConfig() Used Memory: 393484432 Bytes (696254464)
2023-05-04 10:02:27,096 [INFO] BlockDiagram:2759 - set Specific Code input for plugin: NVIC
2023-05-04 10:02:27,096 [INFO] BlockDiagram:2759 - set Specific Code input for plugin: USART
2023-05-04 10:02:27,096 [INFO] BlockDiagram:2759 - set Specific Code input for plugin: TIM1_8F1
2023-05-04 10:02:27,096 [INFO] BlockDiagram:2759 - set Specific Code input for plugin: TIM1_8F1
2023-05-04 10:02:27,096 [INFO] BlockDiagram:2759 - set Specific Code input for plugin: SYS
2023-05-04 10:02:27,096 [INFO] BlockDiagram:2759 - set Specific Code input for plugin: GPIO
2023-05-04 10:02:27,096 [INFO] BlockDiagram:2759 - set Specific Code input for plugin: RCC
2023-05-04 10:02:27,127 [INFO] CodeGenerator:793 - code generatio: config db path: C:\ST\STM32CubeIDE_1.7.0\STM32CubeIDE\plugins\com.st.stm32cube.common.mx_6.8.0.202302231600\\db\
2023-05-04 10:02:27,394 [INFO] CodeEngine:255 - oldGeneratedFile, E:\IoT\Assignment\MCU\Signal_Control\MXTmpFiles\license.tmp_save
2023-05-04 10:02:27,535 [INFO] CodeEngine:279 - Generated code: E:\IoT\Assignment\MCU\Signal_Control\MXTmpFiles\license.tmp
2023-05-04 10:02:27,583 [INFO] CodeEngine:255 - oldGeneratedFile, E:\IoT\Assignment\MCU\Signal_Control\MXTmpFiles\gpio.tmp_save
2023-05-04 10:02:27,677 [INFO] CodeEngine:279 - Generated code: E:\IoT\Assignment\MCU\Signal_Control\MXTmpFiles\gpio.tmp
2023-05-04 10:02:27,865 [INFO] CodeEngine:255 - oldGeneratedFile, E:\IoT\Assignment\MCU\Signal_Control\Core\Src\stm32f1xx_it.c_save
2023-05-04 10:02:28,195 [INFO] CodeEngine:279 - Generated code: E:\IoT\Assignment\MCU\Signal_Control\Core\Src\stm32f1xx_it.c
2023-05-04 10:02:28,211 [INFO] CodeEngine:255 - oldGeneratedFile, E:\IoT\Assignment\MCU\Signal_Control\Core\Inc\stm32f1xx_it.h_save
2023-05-04 10:02:28,368 [INFO] CodeEngine:279 - Generated code: E:\IoT\Assignment\MCU\Signal_Control\Core\Inc\stm32f1xx_it.h
2023-05-04 10:02:28,415 [INFO] CodeEngine:255 - oldGeneratedFile, E:\IoT\Assignment\MCU\Signal_Control\Core\Src\stm32f1xx_hal_msp.c_save
2023-05-04 10:02:28,571 [INFO] CodeEngine:279 - Generated code: E:\IoT\Assignment\MCU\Signal_Control\Core\Src\stm32f1xx_hal_msp.c
2023-05-04 10:02:28,586 [INFO] CodeEngine:255 - oldGeneratedFile, E:\IoT\Assignment\MCU\Signal_Control\MXTmpFiles\system.tmp_save
2023-05-04 10:02:28,649 [INFO] CodeEngine:279 - Generated code: E:\IoT\Assignment\MCU\Signal_Control\MXTmpFiles\system.tmp
2023-05-04 10:02:28,665 [INFO] CodeEngine:311 - oldGeneratedFile, E:\IoT\Assignment\MCU\Signal_Control\Core\Inc\stm32f1xx_hal_conf.h_save
2023-05-04 10:02:28,821 [INFO] CodeEngine:335 - Generated code: E:\IoT\Assignment\MCU\Signal_Control\Core\Inc\stm32f1xx_hal_conf.h
2023-05-04 10:02:28,836 [WARN] IPConfigManager:3431 - IP not found : TIM
2023-05-04 10:02:28,836 [WARN] CodeGenerator:3754 - IP not found : null
2023-05-04 10:02:28,859 [INFO] CodeEngine:255 - oldGeneratedFile, E:\IoT\Assignment\MCU\Signal_Control\Core\Inc\main.h_save
2023-05-04 10:02:29,009 [INFO] CodeEngine:279 - Generated code: E:\IoT\Assignment\MCU\Signal_Control\Core\Inc\main.h
2023-05-04 10:02:29,025 [INFO] CodeEngine:255 - oldGeneratedFile, E:\IoT\Assignment\MCU\Signal_Control\Core\Src\main.c_save
2023-05-04 10:02:29,166 [INFO] CodeEngine:279 - Generated code: E:\IoT\Assignment\MCU\Signal_Control\Core\Src\main.c
2023-05-04 10:02:30,290 [INFO] ProjectBuilder:2996 - Time for Copy HAL[1] : 550mS.
2023-05-04 10:02:30,305 [INFO] ProjectBuilder:4304 - Project Generator version: 3.19.2
2023-05-04 10:02:30,776 [INFO] ConfigFileManager:1483 - The Die is : DIE410
2023-05-04 10:02:30,791 [INFO] ApiDbMcu:507 - Load IP Config File for FATFS
2023-05-04 10:02:30,870 [INFO] ApiDbMcu:507 - Load IP Config File for FREERTOS
2023-05-04 10:02:30,932 [INFO] ApiDbMcu:507 - Load IP Config File for USB_DEVICE
2023-05-04 10:02:33,973 [INFO] ProjectBuilder:4505 - Time for Generating toolchain IDE Files: 3668mS.
2023-05-04 10:02:33,973 [INFO] ProjectBuilder:2867 - Time for Copy CMSIS : 0mS.
2023-05-04 10:02:33,973 [INFO] ProjectBuilder:2867 - Time for Copy CMSIS : 0mS.
2023-05-04 10:08:08,212 [INFO] UtilMem:75 - End SaveConfig() Used Memory: 480833328 Bytes (696254464)
2023-05-04 10:08:09,014 [INFO] UtilMem:75 - End SaveConfig() Used Memory: 497435264 Bytes (696254464)
2023-05-04 10:08:11,264 [INFO] UtilMem:75 - End SaveConfig() Used Memory: 536833760 Bytes (696254464)
2023-05-04 10:08:11,538 [INFO] BlockDiagram:2759 - set Specific Code input for plugin: NVIC
2023-05-04 10:08:11,538 [INFO] BlockDiagram:2759 - set Specific Code input for plugin: USART
2023-05-04 10:08:11,538 [INFO] BlockDiagram:2759 - set Specific Code input for plugin: TIM1_8F1
2023-05-04 10:08:11,538 [INFO] BlockDiagram:2759 - set Specific Code input for plugin: TIM1_8F1
2023-05-04 10:08:11,538 [INFO] BlockDiagram:2759 - set Specific Code input for plugin: SYS
2023-05-04 10:08:11,538 [INFO] BlockDiagram:2759 - set Specific Code input for plugin: GPIO
2023-05-04 10:08:11,538 [INFO] BlockDiagram:2759 - set Specific Code input for plugin: RCC
2023-05-04 10:08:11,538 [INFO] CodeGenerator:793 - code generatio: config db path: C:\ST\STM32CubeIDE_1.7.0\STM32CubeIDE\plugins\com.st.stm32cube.common.mx_6.8.0.202302231600\\db\
2023-05-04 10:08:11,808 [INFO] CodeEngine:255 - oldGeneratedFile, E:\IoT\Assignment\MCU\Signal_Control\MXTmpFiles\license.tmp_save
2023-05-04 10:08:11,908 [INFO] CodeEngine:279 - Generated code: E:\IoT\Assignment\MCU\Signal_Control\MXTmpFiles\license.tmp
2023-05-04 10:08:11,930 [INFO] CodeEngine:255 - oldGeneratedFile, E:\IoT\Assignment\MCU\Signal_Control\MXTmpFiles\gpio.tmp_save
2023-05-04 10:08:12,039 [INFO] CodeEngine:279 - Generated code: E:\IoT\Assignment\MCU\Signal_Control\MXTmpFiles\gpio.tmp
2023-05-04 10:08:12,181 [INFO] CodeEngine:255 - oldGeneratedFile, E:\IoT\Assignment\MCU\Signal_Control\Core\Src\stm32f1xx_it.c_save
2023-05-04 10:08:12,275 [INFO] CodeEngine:279 - Generated code: E:\IoT\Assignment\MCU\Signal_Control\Core\Src\stm32f1xx_it.c
2023-05-04 10:08:12,290 [INFO] CodeEngine:255 - oldGeneratedFile, E:\IoT\Assignment\MCU\Signal_Control\Core\Inc\stm32f1xx_it.h_save
2023-05-04 10:08:12,369 [INFO] CodeEngine:279 - Generated code: E:\IoT\Assignment\MCU\Signal_Control\Core\Inc\stm32f1xx_it.h
2023-05-04 10:08:12,385 [INFO] CodeEngine:255 - oldGeneratedFile, E:\IoT\Assignment\MCU\Signal_Control\Core\Src\stm32f1xx_hal_msp.c_save
2023-05-04 10:08:12,479 [INFO] CodeEngine:279 - Generated code: E:\IoT\Assignment\MCU\Signal_Control\Core\Src\stm32f1xx_hal_msp.c
2023-05-04 10:08:12,495 [INFO] CodeEngine:255 - oldGeneratedFile, E:\IoT\Assignment\MCU\Signal_Control\MXTmpFiles\system.tmp_save
2023-05-04 10:08:12,573 [INFO] CodeEngine:279 - Generated code: E:\IoT\Assignment\MCU\Signal_Control\MXTmpFiles\system.tmp
2023-05-04 10:08:12,589 [INFO] CodeEngine:311 - oldGeneratedFile, E:\IoT\Assignment\MCU\Signal_Control\Core\Inc\stm32f1xx_hal_conf.h_save
2023-05-04 10:08:12,762 [INFO] CodeEngine:335 - Generated code: E:\IoT\Assignment\MCU\Signal_Control\Core\Inc\stm32f1xx_hal_conf.h
2023-05-04 10:08:12,824 [WARN] IPConfigManager:3431 - IP not found : TIM
2023-05-04 10:08:12,840 [WARN] CodeGenerator:3754 - IP not found : null
2023-05-04 10:08:12,840 [INFO] CodeEngine:255 - oldGeneratedFile, E:\IoT\Assignment\MCU\Signal_Control\Core\Inc\main.h_save
2023-05-04 10:08:12,950 [INFO] CodeEngine:279 - Generated code: E:\IoT\Assignment\MCU\Signal_Control\Core\Inc\main.h
2023-05-04 10:08:12,950 [INFO] CodeEngine:255 - oldGeneratedFile, E:\IoT\Assignment\MCU\Signal_Control\Core\Src\main.c_save
2023-05-04 10:08:13,123 [INFO] CodeEngine:279 - Generated code: E:\IoT\Assignment\MCU\Signal_Control\Core\Src\main.c
2023-05-04 10:08:13,891 [INFO] ProjectBuilder:2996 - Time for Copy HAL[1] : 179mS.
2023-05-04 10:08:13,891 [INFO] ProjectBuilder:4304 - Project Generator version: 3.19.2
2023-05-04 10:08:14,409 [INFO] ConfigFileManager:1483 - The Die is : DIE410
2023-05-04 10:08:16,072 [INFO] ProjectBuilder:4505 - Time for Generating toolchain IDE Files: 2181mS.
2023-05-04 10:08:16,072 [INFO] ProjectBuilder:2867 - Time for Copy CMSIS : 0mS.
2023-05-04 10:08:16,072 [INFO] ProjectBuilder:2867 - Time for Copy CMSIS : 0mS.
2023-05-04 13:20:25,506 [INFO] MainUpdater:2854 - connection check result : 10
2023-05-04 13:20:25,506 [INFO] MainUpdater:2854 - connection check result : 10
2023-05-04 13:20:25,537 [INFO] MicroXplorer:468 - Change Database Path : 
2023-05-04 13:20:25,537 [INFO] MicroXplorer:498 - Change Database Version : DB.6.0.80
2023-05-04 13:20:25,553 [WARN] ThirdParty:871 - waiting for thirdparty lock release [close project]
2023-05-04 13:20:25,553 [INFO] ThirdParty:873 - entering critical section [close project]
2023-05-04 13:20:25,553 [INFO] ThirdParty:883 - exiting critical section [close project]
2023-05-04 13:20:25,553 [INFO] PinOutPanel:1499 - setPackage(No Configuration,No Configuration)
2023-05-04 13:20:25,553 [INFO] UtilMem:75 - Begin LoadConfig() Used Memory: 401295376 Bytes (740294656)
2023-05-04 13:20:25,553 [INFO] MicroXplorer:468 - Change Database Path : 
2023-05-04 13:20:25,569 [INFO] MicroXplorer:498 - Change Database Version : DB.6.0.80
2023-05-04 13:20:25,569 [INFO] OpenFileManager:308 - Change cursor
2023-05-04 13:20:25,584 [INFO] RulesReader:64 - Compatibility file has been processed (293 Rules)
2023-05-04 13:20:25,584 [INFO] Mcu:1937 - Initializing MCU STM32F103R(8-B)Tx STM32F103RBTx STM32F103RBT6
2023-05-04 13:20:26,116 [INFO] Context:659 - Trying to add GPIOservice into a context  which must be forbidden
2023-05-04 13:20:26,397 [INFO] RtosManager:555 - Registered RTOS mode: class=CMSIS, group=RTOS, mode=CMSIS_V1, owner=FREERTOS
2023-05-04 13:20:26,397 [INFO] RtosManager:555 - Registered RTOS mode: class=CMSIS, group=RTOS2, mode=CMSIS_V2, owner=FREERTOS
2023-05-04 13:20:26,397 [INFO] RtosManager:555 - Registered RTOS mode: class=RTOS, group=Core, mode=CMSIS_V1, owner=FREERTOS
2023-05-04 13:20:26,397 [INFO] RtosManager:555 - Registered RTOS mode: class=RTOS, group=Core, mode=CMSIS_V2, owner=FREERTOS
2023-05-04 13:20:26,397 [WARN] ModelIntegratedComponent:184 - Missing modes for component STMicroelectronics:FreeRTOS:0.0.1:STMicroelectronics:RTOS:FreeRTOS:Core:::10.2.0:
2023-05-04 13:20:26,412 [WARN] ModelIntegratedComponent:63 - No mode defined for component null
2023-05-04 13:20:26,412 [WARN] ModelIntegratedComponent:63 - No mode defined for component null
2023-05-04 13:20:26,412 [WARN] ModelIntegratedComponent:63 - No mode defined for component null
2023-05-04 13:20:26,412 [WARN] ModelIntegratedComponent:63 - No mode defined for component null
2023-05-04 13:20:26,412 [WARN] ModelIntegratedComponent:63 - No mode defined for component null
2023-05-04 13:20:26,412 [WARN] ModelIntegratedComponent:63 - No mode defined for component null
2023-05-04 13:20:26,412 [WARN] ModelIntegratedComponent:63 - No mode defined for component null
2023-05-04 13:20:26,412 [WARN] ModelIntegratedComponent:63 - No mode defined for component null
2023-05-04 13:20:26,412 [WARN] ModelIntegratedComponent:63 - No mode defined for component null
2023-05-04 13:20:26,412 [WARN] ModelIntegratedComponent:63 - No mode defined for component null
2023-05-04 13:20:26,412 [WARN] ModelIntegratedComponent:63 - No mode defined for component null
2023-05-04 13:20:26,412 [WARN] ModelIntegratedComponent:63 - No mode defined for component null
2023-05-04 13:20:26,412 [WARN] ModelIntegratedComponent:63 - No mode defined for component null
2023-05-04 13:20:26,412 [WARN] ModelIntegratedComponent:63 - No mode defined for component null
2023-05-04 13:20:26,412 [WARN] ModelIntegratedComponent:63 - No mode defined for component null
2023-05-04 13:20:26,412 [WARN] ModelIntegratedComponent:63 - No mode defined for component null
2023-05-04 13:20:26,412 [WARN] ModelIntegratedComponent:63 - No mode defined for component null
2023-05-04 13:20:26,412 [WARN] ModelIntegratedComponent:63 - No mode defined for component null
2023-05-04 13:20:26,412 [WARN] ModelIntegratedComponent:63 - No mode defined for component null
2023-05-04 13:20:26,412 [WARN] ModelIntegratedComponent:63 - No mode defined for component null
2023-05-04 13:20:26,412 [WARN] ModelIntegratedComponent:63 - No mode defined for component null
2023-05-04 13:20:26,412 [WARN] ModelIntegratedComponent:63 - No mode defined for component null
2023-05-04 13:20:26,412 [WARN] ModelIntegratedComponent:63 - No mode defined for component null
2023-05-04 13:20:26,412 [WARN] ModelIntegratedComponent:63 - No mode defined for component null
2023-05-04 13:20:26,412 [WARN] ModelIntegratedComponent:63 - No mode defined for component null
2023-05-04 13:20:26,412 [WARN] ModelIntegratedComponent:63 - No mode defined for component null
2023-05-04 13:20:26,412 [WARN] ModelIntegratedComponent:63 - No mode defined for component null
2023-05-04 13:20:26,412 [WARN] ModelIntegratedComponent:63 - No mode defined for component null
2023-05-04 13:20:26,412 [WARN] ModelIntegratedComponent:63 - No mode defined for component null
2023-05-04 13:20:26,412 [WARN] ModelIntegratedComponent:63 - No mode defined for component null
2023-05-04 13:20:26,412 [WARN] ModelIntegratedComponent:63 - No mode defined for component null
2023-05-04 13:20:26,412 [WARN] ModelIntegratedComponent:63 - No mode defined for component null
2023-05-04 13:20:26,412 [WARN] ModelIntegratedComponent:63 - No mode defined for component null
2023-05-04 13:20:26,475 [INFO] ThirdPartyModel:298 - Start build external matchings
2023-05-04 13:20:26,897 [INFO] ThirdPartyModel:316 - End build external matchings
2023-05-04 13:20:26,897 [INFO] ImportTextPane:194 - (OptionalMessage_ERROR) IP (RCC) : Parameter (ADCFreqValue) has invalid value (36000000)
2023-05-04 13:20:26,897 [INFO] ImportTextPane:194 - (OptionalMessage_ERROR) IP (RCC) : Invalid parameter (FamilyName)
2023-05-04 13:20:26,897 [INFO] ImportTextPane:194 - (OptionalMessage_ERROR) IP (RCC) : Parameter (MCOFreq_Value) has invalid value (72000000)
2023-05-04 13:20:26,897 [INFO] ImportTextPane:194 - (OptionalMessage_ERROR) IP (RCC) : Parameter (USBFreq_Value) has invalid value (72000000)
2023-05-04 13:20:27,131 [INFO] UtilMem:75 - End LoadConfig() Used Memory: 608584928 Bytes (740294656)
2023-05-04 13:20:27,194 [WARN] ThirdParty:833 - waiting for thirdparty lock release [change project]
2023-05-04 13:20:27,194 [INFO] ThirdParty:835 - entering critical section [change project]
2023-05-04 13:20:27,194 [INFO] ThirdParty:1030 - CMSIS Pack Vendor :STMicroelectronics X-CUBE-ISPU 1.1.0
2023-05-04 13:20:27,194 [INFO] ThirdParty:1030 - CMSIS Pack Vendor :RoweBots I-CUBE-UNISONRTOS 5.5.0-4
2023-05-04 13:20:27,194 [INFO] ThirdParty:1030 - CMSIS Pack Vendor :STMicroelectronics X-CUBE-GNSS1 6.0.0
2023-05-04 13:20:27,194 [INFO] ThirdParty:1030 - CMSIS Pack Vendor :STMicroelectronics USB_HOST 2.0.0
2023-05-04 13:20:27,194 [INFO] ThirdParty:1030 - CMSIS Pack Vendor :STMicroelectronics X-CUBE-AZRTOS-F4 1.1.0
2023-05-04 13:20:27,194 [INFO] ThirdParty:1030 - CMSIS Pack Vendor :STMicroelectronics LIBJPEG 8.0.0
2023-05-04 13:20:27,194 [INFO] ThirdParty:1030 - CMSIS Pack Vendor :STMicroelectronics X-CUBE-SMBUS 2.1.0
2023-05-04 13:20:27,194 [INFO] ThirdParty:1030 - CMSIS Pack Vendor :wolfSSL I-CUBE-wolfSSL 5.6.0
2023-05-04 13:20:27,194 [INFO] ThirdParty:1030 - CMSIS Pack Vendor :STMicroelectronics USB_DEVICE 3.0.0
2023-05-04 13:20:27,194 [INFO] ThirdParty:1030 - CMSIS Pack Vendor :STMicroelectronics X-CUBE-AI 8.0.0
2023-05-04 13:20:27,194 [INFO] ThirdParty:1030 - CMSIS Pack Vendor :STMicroelectronics X-CUBE-FREERTOS 1.0.0
2023-05-04 13:20:27,194 [INFO] ThirdParty:1030 - CMSIS Pack Vendor :STMicroelectronics X-CUBE-FREERTOS 1.0.1
2023-05-04 13:20:27,194 [INFO] ThirdParty:1030 - CMSIS Pack Vendor :STMicroelectronics X-CUBE-TOUCHGFX 4.21.3
2023-05-04 13:20:27,194 [INFO] ThirdParty:1030 - CMSIS Pack Vendor :STMicroelectronics X-CUBE-AZRTOS-F7 1.1.0
2023-05-04 13:20:27,194 [INFO] ThirdParty:1030 - CMSIS Pack Vendor :STMicroelectronics USB_DEVICE 2.0.0
2023-05-04 13:20:27,194 [INFO] ThirdParty:1030 - CMSIS Pack Vendor :STMicroelectronics X-CUBE-MEMS1 9.6.0
2023-05-04 13:20:27,194 [INFO] ThirdParty:1030 - CMSIS Pack Vendor :STMicroelectronics X-CUBE-ALGOBUILD 1.3.0
2023-05-04 13:20:27,194 [INFO] ThirdParty:1030 - CMSIS Pack Vendor :STMicroelectronics X-CUBE-BLE1 6.2.4
2023-05-04 13:20:27,194 [INFO] ThirdParty:1030 - CMSIS Pack Vendor :STMicroelectronics X-CUBE-AZRTOS-L5 1.1.0
2023-05-04 13:20:27,194 [INFO] ThirdParty:1030 - CMSIS Pack Vendor :STMicroelectronics FreeRTOS 0.0.1
2023-05-04 13:20:27,194 [INFO] ThirdParty:1030 - CMSIS Pack Vendor :emotas I-CUBE-CANOPEN 1.1.3
2023-05-04 13:20:27,194 [INFO] ThirdParty:1030 - CMSIS Pack Vendor :STMicroelectronics X-CUBE-AZRTOS-G0 1.1.0
2023-05-04 13:20:27,194 [INFO] ThirdParty:1030 - CMSIS Pack Vendor :STMicroelectronics X-CUBE-BLEMGR 2.0.0
2023-05-04 13:20:27,194 [INFO] ThirdParty:1030 - CMSIS Pack Vendor :STMicroelectronics X-CUBE-SUBG2 5.0.0
2023-05-04 13:20:27,194 [INFO] ThirdParty:1030 - CMSIS Pack Vendor :STMicroelectronics X-CUBE-NFC4 3.0.0
2023-05-04 13:20:27,194 [INFO] ThirdParty:1030 - CMSIS Pack Vendor :STMicroelectronics STM32_WPAN 1.0.0
2023-05-04 13:20:27,194 [INFO] ThirdParty:1030 - CMSIS Pack Vendor :STMicroelectronics lwIP 2.0.3
2023-05-04 13:20:27,194 [INFO] ThirdParty:1030 - CMSIS Pack Vendor :STMicroelectronics USB_HOST 1.0.0
2023-05-04 13:20:27,194 [INFO] ThirdParty:1030 - CMSIS Pack Vendor :STMicroelectronics X-CUBE-AZRTOS-G4 2.0.0
2023-05-04 13:20:27,194 [INFO] ThirdParty:1030 - CMSIS Pack Vendor :STMicroelectronics PDM2PCM 3.1.0
2023-05-04 13:20:27,194 [INFO] ThirdParty:1030 - CMSIS Pack Vendor :STMicroelectronics X-CUBE-AZRTOS-H7 3.1.0
2023-05-04 13:20:27,194 [INFO] ThirdParty:1030 - CMSIS Pack Vendor :STMicroelectronics X-CUBE-TOF1 3.3.0
2023-05-04 13:20:27,194 [INFO] ThirdParty:1030 - CMSIS Pack Vendor :STMicroelectronics FP-ATR-ASTRA1 1.1.1
2023-05-04 13:20:27,194 [INFO] ThirdParty:1030 - CMSIS Pack Vendor :STMicroelectronics PDM2PCM 3.3.0
2023-05-04 13:20:27,194 [INFO] ThirdParty:1030 - CMSIS Pack Vendor :STMicroelectronics X-CUBE-DISPLAY 3.0.0
2023-05-04 13:20:27,194 [INFO] ThirdParty:1030 - CMSIS Pack Vendor :STMicroelectronics X-CUBE-AZRTOS-G4 1.0.0
2023-05-04 13:20:27,194 [INFO] ThirdParty:1030 - CMSIS Pack Vendor :STMicroelectronics FP-ATR-SIGFOX1 3.2.0
2023-05-04 13:20:27,194 [INFO] ThirdParty:1030 - CMSIS Pack Vendor :STMicroelectronics X-CUBE-AZRTOS-L4 1.0.0
2023-05-04 13:20:27,194 [INFO] ThirdParty:1030 - CMSIS Pack Vendor :STMicroelectronics HAL Drivers 0.0.0
2023-05-04 13:20:27,194 [INFO] ThirdParty:1030 - CMSIS Pack Vendor :STMicroelectronics MBEDTLS 2.16.2
2023-05-04 13:20:27,194 [INFO] ThirdParty:1030 - CMSIS Pack Vendor :STMicroelectronics MBEDTLS 2.14.1
2023-05-04 13:20:27,194 [INFO] ThirdParty:1030 - CMSIS Pack Vendor :STMicroelectronics X-CUBE-NFC7 1.0.0
2023-05-04 13:20:27,194 [INFO] ThirdParty:1030 - CMSIS Pack Vendor :STMicroelectronics X-CUBE-AZRTOS-WL 1.0.0
2023-05-04 13:20:27,194 [INFO] ThirdParty:1030 - CMSIS Pack Vendor :STMicroelectronics X-CUBE-EEPRMA1 4.1.0
2023-05-04 13:20:27,194 [INFO] ThirdParty:1030 - CMSIS Pack Vendor :portGmbH I-Cube-SoM-uGOAL 1.1.0
2023-05-04 13:20:27,194 [INFO] ThirdParty:1030 - CMSIS Pack Vendor :STMicroelectronics X-CUBE-ALS 1.0.1
2023-05-04 13:20:27,194 [INFO] ThirdParty:1030 - CMSIS Pack Vendor :STMicroelectronics X-CUBE-MEMS1 9.5.0
2023-05-04 13:20:27,194 [INFO] ThirdParty:1030 - CMSIS Pack Vendor :STMicroelectronics ThreadX 1.0.0
2023-05-04 13:20:27,194 [INFO] ThirdParty:1030 - CMSIS Pack Vendor :STMicroelectronics X-CUBE-AZRTOS-WB 1.1.0
2023-05-04 13:20:27,194 [INFO] ThirdParty:1030 - CMSIS Pack Vendor :SEGGER I-CUBE-embOS 1.3.1
2023-05-04 13:20:27,194 [INFO] ThirdParty:1030 - CMSIS Pack Vendor :STMicroelectronics USB_DEVICE 1.0.0
2023-05-04 13:20:27,194 [INFO] ThirdParty:1030 - CMSIS Pack Vendor :STMicroelectronics ThreadX 0.0.2
2023-05-04 13:20:27,194 [INFO] ThirdParty:1030 - CMSIS Pack Vendor :WES I-CUBE-Cesium 1.3.0
2023-05-04 13:20:27,194 [INFO] ThirdParty:1030 - CMSIS Pack Vendor :STMicroelectronics FP-ATR-ASTRA1 2.0.0
2023-05-04 13:20:27,194 [INFO] ThirdParty:1030 - CMSIS Pack Vendor :STMicroelectronics lwIP 2.1.2
2023-05-04 13:20:27,194 [INFO] ThirdParty:1030 - CMSIS Pack Vendor :STMicroelectronics X-CUBE-SFXS2LP1 4.0.0
2023-05-04 13:20:27,194 [INFO] ThirdParty:1030 - CMSIS Pack Vendor :STMicroelectronics X-CUBE-BLE2 3.3.0
2023-05-04 13:20:27,194 [INFO] ThirdParty:1030 - CMSIS Pack Vendor :STMicroelectronics PDM2PCM 3.2.0
2023-05-04 13:20:27,194 [INFO] ThirdParty:1030 - CMSIS Pack Vendor :STMicroelectronics X-CUBE-AZRTOS-H7 3.0.0
2023-05-04 13:20:27,194 [INFO] ThirdParty:841 - exiting critical section [change project]
2023-05-04 13:20:27,334 [INFO] PinOutPanel:1499 - setPackage(No Configuration,No Configuration)
2023-05-04 13:20:27,334 [INFO] PinOutPanel:1499 - setPackage(STM32F103RBTx,LQFP64)
2023-05-04 13:20:27,616 [INFO] UtilMem:75 - Before build in PCC Used Memory: 358315408 Bytes (740294656)
2023-05-04 13:20:27,881 [INFO] UtilMem:75 - After build in PCC Used Memory: 397112720 Bytes (740294656)
2023-05-04 13:20:27,897 [INFO] IPUIPlugin:80 - create IPUIPlugin
2023-05-04 13:20:27,897 [INFO] IPUIPlugin:80 - create IPUIPlugin
2023-05-04 13:20:27,897 [INFO] IPUIPlugin:80 - create IPUIPlugin
2023-05-04 13:20:27,897 [INFO] IPUIPlugin:80 - create IPUIPlugin
2023-05-04 13:20:27,897 [INFO] IPUIPlugin:80 - create IPUIPlugin
2023-05-04 13:20:27,897 [INFO] IPUIPlugin:80 - create IPUIPlugin
2023-05-04 13:20:27,897 [INFO] IPUIPlugin:80 - create IPUIPlugin
2023-05-04 13:20:27,897 [INFO] IPUIPlugin:80 - create IPUIPlugin
2023-05-04 13:20:27,897 [INFO] IPUIPlugin:80 - create IPUIPlugin
2023-05-04 13:20:27,897 [INFO] IPUIPlugin:80 - create IPUIPlugin
2023-05-04 13:20:27,897 [INFO] IPUIPlugin:80 - create IPUIPlugin
2023-05-04 13:20:27,897 [INFO] IPUIPlugin:80 - create IPUIPlugin
2023-05-04 13:20:27,897 [INFO] IPUIPlugin:80 - create IPUIPlugin
2023-05-04 13:20:27,897 [INFO] IPUIPlugin:80 - create IPUIPlugin
2023-05-04 13:20:27,897 [INFO] IPUIPlugin:80 - create IPUIPlugin
2023-05-04 13:20:27,897 [INFO] IPUIPlugin:80 - create IPUIPlugin
2023-05-04 13:20:27,897 [INFO] IPUIPlugin:80 - create IPUIPlugin
2023-05-04 13:20:27,897 [INFO] IPUIPlugin:80 - create IPUIPlugin
2023-05-04 13:20:27,897 [INFO] IPUIPlugin:80 - create IPUIPlugin
2023-05-04 13:20:27,897 [INFO] IPUIPlugin:80 - create IPUIPlugin
2023-05-04 13:20:27,897 [INFO] IPUIPlugin:80 - create IPUIPlugin
2023-05-04 13:20:27,897 [INFO] IPUIPlugin:80 - create IPUIPlugin
2023-05-04 13:20:27,897 [INFO] IPUIPlugin:80 - create IPUIPlugin
2023-05-04 13:20:27,897 [INFO] IPUIPlugin:80 - create IPUIPlugin
2023-05-04 13:20:27,897 [INFO] IPUIPlugin:80 - create IPUIPlugin
2023-05-04 13:20:27,897 [INFO] IPUIPlugin:80 - create IPUIPlugin
2023-05-04 13:20:27,897 [INFO] IPUIPlugin:80 - create IPUIPlugin
2023-05-04 13:20:27,928 [INFO] CADModel:165 - CPN selected for project levelSTM32F103RBT6
2023-05-04 13:20:27,928 [INFO] CADModel:114 - Register for checkConnection events
2023-05-04 13:20:28,037 [INFO] OpenFileManager:328 - Restore cursor
2023-05-04 13:20:45,477 [INFO] UtilMem:75 - End SaveConfig() Used Memory: 641877192 Bytes (740294656)
2023-05-04 13:20:46,430 [INFO] UtilMem:75 - End SaveConfig() Used Memory: 311310928 Bytes (740294656)
2023-05-04 13:20:47,774 [INFO] UtilMem:75 - End SaveConfig() Used Memory: 357974608 Bytes (740294656)
2023-05-04 13:20:48,008 [INFO] BlockDiagram:2759 - set Specific Code input for plugin: NVIC
2023-05-04 13:20:48,008 [INFO] BlockDiagram:2759 - set Specific Code input for plugin: USART
2023-05-04 13:20:48,008 [INFO] BlockDiagram:2759 - set Specific Code input for plugin: TIM1_8F1
2023-05-04 13:20:48,008 [INFO] BlockDiagram:2759 - set Specific Code input for plugin: TIM1_8F1
2023-05-04 13:20:48,008 [INFO] BlockDiagram:2759 - set Specific Code input for plugin: SYS
2023-05-04 13:20:48,010 [INFO] BlockDiagram:2759 - set Specific Code input for plugin: GPIO
2023-05-04 13:20:48,010 [INFO] BlockDiagram:2759 - set Specific Code input for plugin: RCC
2023-05-04 13:20:48,010 [INFO] CodeGenerator:793 - code generatio: config db path: C:\ST\STM32CubeIDE_1.7.0\STM32CubeIDE\plugins\com.st.stm32cube.common.mx_6.8.0.202302231600\\db\
2023-05-04 13:20:48,244 [INFO] CodeEngine:255 - oldGeneratedFile, E:\IoT\Assignment\MCU\Signal_Control\MXTmpFiles\license.tmp_save
2023-05-04 13:20:48,322 [INFO] CodeEngine:279 - Generated code: E:\IoT\Assignment\MCU\Signal_Control\MXTmpFiles\license.tmp
2023-05-04 13:20:48,369 [INFO] CodeEngine:255 - oldGeneratedFile, E:\IoT\Assignment\MCU\Signal_Control\MXTmpFiles\gpio.tmp_save
2023-05-04 13:20:48,462 [INFO] CodeEngine:279 - Generated code: E:\IoT\Assignment\MCU\Signal_Control\MXTmpFiles\gpio.tmp
2023-05-04 13:20:48,614 [INFO] CodeEngine:255 - oldGeneratedFile, E:\IoT\Assignment\MCU\Signal_Control\Core\Src\stm32f1xx_it.c_save
2023-05-04 13:20:48,869 [INFO] CodeEngine:279 - Generated code: E:\IoT\Assignment\MCU\Signal_Control\Core\Src\stm32f1xx_it.c
2023-05-04 13:20:48,885 [INFO] CodeEngine:255 - oldGeneratedFile, E:\IoT\Assignment\MCU\Signal_Control\Core\Inc\stm32f1xx_it.h_save
2023-05-04 13:20:48,947 [INFO] CodeEngine:279 - Generated code: E:\IoT\Assignment\MCU\Signal_Control\Core\Inc\stm32f1xx_it.h
2023-05-04 13:20:48,963 [INFO] CodeEngine:255 - oldGeneratedFile, E:\IoT\Assignment\MCU\Signal_Control\Core\Src\stm32f1xx_hal_msp.c_save
2023-05-04 13:20:49,072 [INFO] CodeEngine:279 - Generated code: E:\IoT\Assignment\MCU\Signal_Control\Core\Src\stm32f1xx_hal_msp.c
2023-05-04 13:20:49,072 [INFO] CodeEngine:255 - oldGeneratedFile, E:\IoT\Assignment\MCU\Signal_Control\MXTmpFiles\system.tmp_save
2023-05-04 13:20:49,135 [INFO] CodeEngine:279 - Generated code: E:\IoT\Assignment\MCU\Signal_Control\MXTmpFiles\system.tmp
2023-05-04 13:20:49,150 [INFO] CodeEngine:311 - oldGeneratedFile, E:\IoT\Assignment\MCU\Signal_Control\Core\Inc\stm32f1xx_hal_conf.h_save
2023-05-04 13:20:49,228 [INFO] CodeEngine:335 - Generated code: E:\IoT\Assignment\MCU\Signal_Control\Core\Inc\stm32f1xx_hal_conf.h
2023-05-04 13:20:49,260 [WARN] IPConfigManager:3431 - IP not found : TIM
2023-05-04 13:20:49,260 [WARN] CodeGenerator:3754 - IP not found : null
2023-05-04 13:20:49,275 [INFO] CodeEngine:255 - oldGeneratedFile, E:\IoT\Assignment\MCU\Signal_Control\Core\Inc\main.h_save
2023-05-04 13:20:49,353 [INFO] CodeEngine:279 - Generated code: E:\IoT\Assignment\MCU\Signal_Control\Core\Inc\main.h
2023-05-04 13:20:49,369 [INFO] CodeEngine:255 - oldGeneratedFile, E:\IoT\Assignment\MCU\Signal_Control\Core\Src\main.c_save
2023-05-04 13:20:49,478 [INFO] CodeEngine:279 - Generated code: E:\IoT\Assignment\MCU\Signal_Control\Core\Src\main.c
2023-05-04 13:20:50,150 [INFO] ProjectBuilder:2996 - Time for Copy HAL[1] : 187mS.
2023-05-04 13:20:50,150 [INFO] ProjectBuilder:4304 - Project Generator version: 3.19.2
2023-05-04 13:20:50,447 [INFO] ConfigFileManager:1483 - The Die is : DIE410
2023-05-04 13:20:50,463 [INFO] ApiDbMcu:507 - Load IP Config File for FATFS
2023-05-04 13:20:50,635 [INFO] ApiDbMcu:507 - Load IP Config File for FREERTOS
2023-05-04 13:20:50,666 [INFO] ApiDbMcu:507 - Load IP Config File for USB_DEVICE
2023-05-04 13:20:52,166 [INFO] ProjectBuilder:4505 - Time for Generating toolchain IDE Files: 2016mS.
2023-05-04 13:20:52,166 [INFO] ProjectBuilder:2867 - Time for Copy CMSIS : 0mS.
2023-05-04 13:20:52,182 [INFO] ProjectBuilder:2867 - Time for Copy CMSIS : 0mS.
