2023-05-05 11:18:28,176 [INFO] NvicIntPanel:101 - NVIC parent = com.st.microxplorer.plugins.ip.nvic.MultiNvicIntPanel[,0,0,450x161,layout=javax.swing.BoxLayout,alignmentX=0.0,alignmentY=0.0,border=,flags=9,maximumSize=,minimumSize=,preferredSize=]
2023-05-05 12:17:25,896 [INFO] MainUpdater:2854 - connection check result : 10
2023-05-05 12:17:25,999 [INFO] MainUpdater:2854 - connection check result : 10
2023-05-05 12:17:26,111 [INFO] MicroXplorer:468 - Change Database Path : 
2023-05-05 12:17:26,111 [INFO] MicroXplorer:498 - Change Database Version : DB.6.0.80
2023-05-05 12:17:26,258 [WARN] ThirdParty:871 - waiting for thirdparty lock release [close project]
2023-05-05 12:17:26,258 [INFO] ThirdParty:873 - entering critical section [close project]
2023-05-05 12:17:26,258 [INFO] ThirdParty:883 - exiting critical section [close project]
2023-05-05 12:17:26,265 [INFO] PinOutPanel:1499 - setPackage(No Configuration,No Configuration)
2023-05-05 12:17:26,284 [INFO] UtilMem:75 - Begin LoadConfig() Used Memory: 309507280 Bytes (823132160)
2023-05-05 12:17:26,285 [INFO] MicroXplorer:468 - Change Database Path : 
2023-05-05 12:17:26,285 [INFO] MicroXplorer:498 - Change Database Version : DB.6.0.80
2023-05-05 12:17:26,285 [INFO] OpenFileManager:308 - Change cursor
2023-05-05 12:17:26,337 [INFO] RulesReader:64 - Compatibility file has been processed (293 Rules)
2023-05-05 12:17:26,368 [INFO] Mcu:1937 - Initializing MCU STM32F103R(8-B)Tx STM32F103RBTx STM32F103RBT6
2023-05-05 12:17:27,193 [INFO] Context:659 - Trying to add GPIOservice into a context  which must be forbidden
2023-05-05 12:17:27,496 [INFO] RtosManager:555 - Registered RTOS mode: class=CMSIS, group=RTOS, mode=CMSIS_V1, owner=FREERTOS
2023-05-05 12:17:27,496 [INFO] RtosManager:555 - Registered RTOS mode: class=CMSIS, group=RTOS2, mode=CMSIS_V2, owner=FREERTOS
2023-05-05 12:17:27,496 [INFO] RtosManager:555 - Registered RTOS mode: class=RTOS, group=Core, mode=CMSIS_V1, owner=FREERTOS
2023-05-05 12:17:27,496 [INFO] RtosManager:555 - Registered RTOS mode: class=RTOS, group=Core, mode=CMSIS_V2, owner=FREERTOS
2023-05-05 12:17:27,497 [WARN] ModelIntegratedComponent:184 - Missing modes for component STMicroelectronics:FreeRTOS:0.0.1:STMicroelectronics:RTOS:FreeRTOS:Core:::10.2.0:
2023-05-05 12:17:27,502 [WARN] ModelIntegratedComponent:63 - No mode defined for component null
2023-05-05 12:17:27,502 [WARN] ModelIntegratedComponent:63 - No mode defined for component null
2023-05-05 12:17:27,502 [WARN] ModelIntegratedComponent:63 - No mode defined for component null
2023-05-05 12:17:27,502 [WARN] ModelIntegratedComponent:63 - No mode defined for component null
2023-05-05 12:17:27,502 [WARN] ModelIntegratedComponent:63 - No mode defined for component null
2023-05-05 12:17:27,502 [WARN] ModelIntegratedComponent:63 - No mode defined for component null
2023-05-05 12:17:27,502 [WARN] ModelIntegratedComponent:63 - No mode defined for component null
2023-05-05 12:17:27,502 [WARN] ModelIntegratedComponent:63 - No mode defined for component null
2023-05-05 12:17:27,502 [WARN] ModelIntegratedComponent:63 - No mode defined for component null
2023-05-05 12:17:27,502 [WARN] ModelIntegratedComponent:63 - No mode defined for component null
2023-05-05 12:17:27,502 [WARN] ModelIntegratedComponent:63 - No mode defined for component null
2023-05-05 12:17:27,502 [WARN] ModelIntegratedComponent:63 - No mode defined for component null
2023-05-05 12:17:27,502 [WARN] ModelIntegratedComponent:63 - No mode defined for component null
2023-05-05 12:17:27,502 [WARN] ModelIntegratedComponent:63 - No mode defined for component null
2023-05-05 12:17:27,502 [WARN] ModelIntegratedComponent:63 - No mode defined for component null
2023-05-05 12:17:27,502 [WARN] ModelIntegratedComponent:63 - No mode defined for component null
2023-05-05 12:17:27,503 [WARN] ModelIntegratedComponent:63 - No mode defined for component null
2023-05-05 12:17:27,503 [WARN] ModelIntegratedComponent:63 - No mode defined for component null
2023-05-05 12:17:27,503 [WARN] ModelIntegratedComponent:63 - No mode defined for component null
2023-05-05 12:17:27,605 [WARN] ModelIntegratedComponent:63 - No mode defined for component null
2023-05-05 12:17:27,605 [WARN] ModelIntegratedComponent:63 - No mode defined for component null
2023-05-05 12:17:27,606 [WARN] ModelIntegratedComponent:63 - No mode defined for component null
2023-05-05 12:17:27,606 [WARN] ModelIntegratedComponent:63 - No mode defined for component null
2023-05-05 12:17:27,606 [WARN] ModelIntegratedComponent:63 - No mode defined for component null
2023-05-05 12:17:27,606 [WARN] ModelIntegratedComponent:63 - No mode defined for component null
2023-05-05 12:17:27,606 [WARN] ModelIntegratedComponent:63 - No mode defined for component null
2023-05-05 12:17:27,606 [WARN] ModelIntegratedComponent:63 - No mode defined for component null
2023-05-05 12:17:27,606 [WARN] ModelIntegratedComponent:63 - No mode defined for component null
2023-05-05 12:17:27,606 [WARN] ModelIntegratedComponent:63 - No mode defined for component null
2023-05-05 12:17:27,606 [WARN] ModelIntegratedComponent:63 - No mode defined for component null
2023-05-05 12:17:27,606 [WARN] ModelIntegratedComponent:63 - No mode defined for component null
2023-05-05 12:17:27,606 [WARN] ModelIntegratedComponent:63 - No mode defined for component null
2023-05-05 12:17:27,606 [WARN] ModelIntegratedComponent:63 - No mode defined for component null
2023-05-05 12:17:27,756 [INFO] ThirdPartyModel:298 - Start build external matchings
2023-05-05 12:17:28,352 [INFO] ThirdPartyModel:316 - End build external matchings
2023-05-05 12:17:28,360 [INFO] ImportTextPane:194 - (OptionalMessage_ERROR) IP (RCC) : Parameter (ADCFreqValue) has invalid value (36000000)
2023-05-05 12:17:28,360 [INFO] ImportTextPane:194 - (OptionalMessage_ERROR) IP (RCC) : Invalid parameter (FamilyName)
2023-05-05 12:17:28,360 [INFO] ImportTextPane:194 - (OptionalMessage_ERROR) IP (RCC) : Parameter (MCOFreq_Value) has invalid value (72000000)
2023-05-05 12:17:28,361 [INFO] ImportTextPane:194 - (OptionalMessage_ERROR) IP (RCC) : Parameter (USBFreq_Value) has invalid value (72000000)
2023-05-05 12:17:28,560 [INFO] UtilMem:75 - End LoadConfig() Used Memory: 407007296 Bytes (823132160)
2023-05-05 12:17:28,624 [WARN] ThirdParty:833 - waiting for thirdparty lock release [change project]
2023-05-05 12:17:28,624 [INFO] ThirdParty:835 - entering critical section [change project]
2023-05-05 12:17:28,624 [INFO] ThirdParty:1030 - CMSIS Pack Vendor :STMicroelectronics X-CUBE-ISPU 1.1.0
2023-05-05 12:17:28,624 [INFO] ThirdParty:1030 - CMSIS Pack Vendor :RoweBots I-CUBE-UNISONRTOS 5.5.0-4
2023-05-05 12:17:28,624 [INFO] ThirdParty:1030 - CMSIS Pack Vendor :STMicroelectronics X-CUBE-GNSS1 6.0.0
2023-05-05 12:17:28,624 [INFO] ThirdParty:1030 - CMSIS Pack Vendor :STMicroelectronics USB_HOST 2.0.0
2023-05-05 12:17:28,624 [INFO] ThirdParty:1030 - CMSIS Pack Vendor :STMicroelectronics X-CUBE-AZRTOS-F4 1.1.0
2023-05-05 12:17:28,624 [INFO] ThirdParty:1030 - CMSIS Pack Vendor :STMicroelectronics LIBJPEG 8.0.0
2023-05-05 12:17:28,624 [INFO] ThirdParty:1030 - CMSIS Pack Vendor :STMicroelectronics X-CUBE-SMBUS 2.1.0
2023-05-05 12:17:28,624 [INFO] ThirdParty:1030 - CMSIS Pack Vendor :wolfSSL I-CUBE-wolfSSL 5.6.0
2023-05-05 12:17:28,624 [INFO] ThirdParty:1030 - CMSIS Pack Vendor :STMicroelectronics USB_DEVICE 3.0.0
2023-05-05 12:17:28,624 [INFO] ThirdParty:1030 - CMSIS Pack Vendor :STMicroelectronics X-CUBE-AI 8.0.0
2023-05-05 12:17:28,624 [INFO] ThirdParty:1030 - CMSIS Pack Vendor :STMicroelectronics X-CUBE-FREERTOS 1.0.0
2023-05-05 12:17:28,624 [INFO] ThirdParty:1030 - CMSIS Pack Vendor :STMicroelectronics X-CUBE-FREERTOS 1.0.1
2023-05-05 12:17:28,624 [INFO] ThirdParty:1030 - CMSIS Pack Vendor :STMicroelectronics X-CUBE-TOUCHGFX 4.21.3
2023-05-05 12:17:28,624 [INFO] ThirdParty:1030 - CMSIS Pack Vendor :STMicroelectronics X-CUBE-AZRTOS-F7 1.1.0
2023-05-05 12:17:28,624 [INFO] ThirdParty:1030 - CMSIS Pack Vendor :STMicroelectronics USB_DEVICE 2.0.0
2023-05-05 12:17:28,624 [INFO] ThirdParty:1030 - CMSIS Pack Vendor :STMicroelectronics X-CUBE-MEMS1 9.6.0
2023-05-05 12:17:28,624 [INFO] ThirdParty:1030 - CMSIS Pack Vendor :STMicroelectronics X-CUBE-ALGOBUILD 1.3.0
2023-05-05 12:17:28,624 [INFO] ThirdParty:1030 - CMSIS Pack Vendor :STMicroelectronics X-CUBE-BLE1 6.2.4
2023-05-05 12:17:28,624 [INFO] ThirdParty:1030 - CMSIS Pack Vendor :STMicroelectronics X-CUBE-AZRTOS-L5 1.1.0
2023-05-05 12:17:28,624 [INFO] ThirdParty:1030 - CMSIS Pack Vendor :STMicroelectronics FreeRTOS 0.0.1
2023-05-05 12:17:28,624 [INFO] ThirdParty:1030 - CMSIS Pack Vendor :emotas I-CUBE-CANOPEN 1.1.3
2023-05-05 12:17:28,624 [INFO] ThirdParty:1030 - CMSIS Pack Vendor :STMicroelectronics X-CUBE-AZRTOS-G0 1.1.0
2023-05-05 12:17:28,625 [INFO] ThirdParty:1030 - CMSIS Pack Vendor :STMicroelectronics X-CUBE-BLEMGR 2.0.0
2023-05-05 12:17:28,625 [INFO] ThirdParty:1030 - CMSIS Pack Vendor :STMicroelectronics X-CUBE-SUBG2 5.0.0
2023-05-05 12:17:28,625 [INFO] ThirdParty:1030 - CMSIS Pack Vendor :STMicroelectronics X-CUBE-NFC4 3.0.0
2023-05-05 12:17:28,625 [INFO] ThirdParty:1030 - CMSIS Pack Vendor :STMicroelectronics STM32_WPAN 1.0.0
2023-05-05 12:17:28,625 [INFO] ThirdParty:1030 - CMSIS Pack Vendor :STMicroelectronics lwIP 2.0.3
2023-05-05 12:17:28,625 [INFO] ThirdParty:1030 - CMSIS Pack Vendor :STMicroelectronics USB_HOST 1.0.0
2023-05-05 12:17:28,625 [INFO] ThirdParty:1030 - CMSIS Pack Vendor :STMicroelectronics X-CUBE-AZRTOS-G4 2.0.0
2023-05-05 12:17:28,625 [INFO] ThirdParty:1030 - CMSIS Pack Vendor :STMicroelectronics PDM2PCM 3.1.0
2023-05-05 12:17:28,625 [INFO] ThirdParty:1030 - CMSIS Pack Vendor :STMicroelectronics X-CUBE-AZRTOS-H7 3.1.0
2023-05-05 12:17:28,625 [INFO] ThirdParty:1030 - CMSIS Pack Vendor :STMicroelectronics X-CUBE-TOF1 3.3.0
2023-05-05 12:17:28,625 [INFO] ThirdParty:1030 - CMSIS Pack Vendor :STMicroelectronics FP-ATR-ASTRA1 1.1.1
2023-05-05 12:17:28,625 [INFO] ThirdParty:1030 - CMSIS Pack Vendor :STMicroelectronics PDM2PCM 3.3.0
2023-05-05 12:17:28,625 [INFO] ThirdParty:1030 - CMSIS Pack Vendor :STMicroelectronics X-CUBE-DISPLAY 3.0.0
2023-05-05 12:17:28,625 [INFO] ThirdParty:1030 - CMSIS Pack Vendor :STMicroelectronics X-CUBE-AZRTOS-G4 1.0.0
2023-05-05 12:17:28,625 [INFO] ThirdParty:1030 - CMSIS Pack Vendor :STMicroelectronics FP-ATR-SIGFOX1 3.2.0
2023-05-05 12:17:28,625 [INFO] ThirdParty:1030 - CMSIS Pack Vendor :STMicroelectronics X-CUBE-AZRTOS-L4 1.0.0
2023-05-05 12:17:28,625 [INFO] ThirdParty:1030 - CMSIS Pack Vendor :STMicroelectronics HAL Drivers 0.0.0
2023-05-05 12:17:28,625 [INFO] ThirdParty:1030 - CMSIS Pack Vendor :STMicroelectronics MBEDTLS 2.16.2
2023-05-05 12:17:28,625 [INFO] ThirdParty:1030 - CMSIS Pack Vendor :STMicroelectronics MBEDTLS 2.14.1
2023-05-05 12:17:28,625 [INFO] ThirdParty:1030 - CMSIS Pack Vendor :STMicroelectronics X-CUBE-NFC7 1.0.0
2023-05-05 12:17:28,625 [INFO] ThirdParty:1030 - CMSIS Pack Vendor :STMicroelectronics X-CUBE-AZRTOS-WL 1.0.0
2023-05-05 12:17:28,625 [INFO] ThirdParty:1030 - CMSIS Pack Vendor :STMicroelectronics X-CUBE-EEPRMA1 4.1.0
2023-05-05 12:17:28,625 [INFO] ThirdParty:1030 - CMSIS Pack Vendor :portGmbH I-Cube-SoM-uGOAL 1.1.0
2023-05-05 12:17:28,625 [INFO] ThirdParty:1030 - CMSIS Pack Vendor :STMicroelectronics X-CUBE-ALS 1.0.1
2023-05-05 12:17:28,625 [INFO] ThirdParty:1030 - CMSIS Pack Vendor :STMicroelectronics X-CUBE-MEMS1 9.5.0
2023-05-05 12:17:28,625 [INFO] ThirdParty:1030 - CMSIS Pack Vendor :STMicroelectronics ThreadX 1.0.0
2023-05-05 12:17:28,625 [INFO] ThirdParty:1030 - CMSIS Pack Vendor :STMicroelectronics X-CUBE-AZRTOS-WB 1.1.0
2023-05-05 12:17:28,625 [INFO] ThirdParty:1030 - CMSIS Pack Vendor :SEGGER I-CUBE-embOS 1.3.1
2023-05-05 12:17:28,626 [INFO] ThirdParty:1030 - CMSIS Pack Vendor :STMicroelectronics USB_DEVICE 1.0.0
2023-05-05 12:17:28,626 [INFO] ThirdParty:1030 - CMSIS Pack Vendor :STMicroelectronics ThreadX 0.0.2
2023-05-05 12:17:28,626 [INFO] ThirdParty:1030 - CMSIS Pack Vendor :WES I-CUBE-Cesium 1.3.0
2023-05-05 12:17:28,626 [INFO] ThirdParty:1030 - CMSIS Pack Vendor :STMicroelectronics FP-ATR-ASTRA1 2.0.0
2023-05-05 12:17:28,626 [INFO] ThirdParty:1030 - CMSIS Pack Vendor :STMicroelectronics lwIP 2.1.2
2023-05-05 12:17:28,626 [INFO] ThirdParty:1030 - CMSIS Pack Vendor :STMicroelectronics X-CUBE-SFXS2LP1 4.0.0
2023-05-05 12:17:28,626 [INFO] ThirdParty:1030 - CMSIS Pack Vendor :STMicroelectronics X-CUBE-BLE2 3.3.0
2023-05-05 12:17:28,626 [INFO] ThirdParty:1030 - CMSIS Pack Vendor :STMicroelectronics PDM2PCM 3.2.0
2023-05-05 12:17:28,626 [INFO] ThirdParty:1030 - CMSIS Pack Vendor :STMicroelectronics X-CUBE-AZRTOS-H7 3.0.0
2023-05-05 12:17:28,626 [INFO] ThirdParty:841 - exiting critical section [change project]
2023-05-05 12:17:28,835 [INFO] PinOutPanel:1499 - setPackage(No Configuration,No Configuration)
2023-05-05 12:17:28,843 [INFO] PinOutPanel:1499 - setPackage(STM32F103RBTx,LQFP64)
2023-05-05 12:17:29,303 [INFO] UtilMem:75 - Before build in PCC Used Memory: 361084112 Bytes (823132160)
2023-05-05 12:17:29,688 [INFO] UtilMem:75 - After build in PCC Used Memory: 401978592 Bytes (823132160)
2023-05-05 12:17:29,711 [INFO] IPUIPlugin:80 - create IPUIPlugin
2023-05-05 12:17:29,711 [INFO] IPUIPlugin:80 - create IPUIPlugin
2023-05-05 12:17:29,711 [INFO] IPUIPlugin:80 - create IPUIPlugin
2023-05-05 12:17:29,711 [INFO] IPUIPlugin:80 - create IPUIPlugin
2023-05-05 12:17:29,712 [INFO] IPUIPlugin:80 - create IPUIPlugin
2023-05-05 12:17:29,712 [INFO] IPUIPlugin:80 - create IPUIPlugin
2023-05-05 12:17:29,712 [INFO] IPUIPlugin:80 - create IPUIPlugin
2023-05-05 12:17:29,712 [INFO] IPUIPlugin:80 - create IPUIPlugin
2023-05-05 12:17:29,712 [INFO] IPUIPlugin:80 - create IPUIPlugin
2023-05-05 12:17:29,712 [INFO] IPUIPlugin:80 - create IPUIPlugin
2023-05-05 12:17:29,712 [INFO] IPUIPlugin:80 - create IPUIPlugin
2023-05-05 12:17:29,713 [INFO] IPUIPlugin:80 - create IPUIPlugin
2023-05-05 12:17:29,713 [INFO] IPUIPlugin:80 - create IPUIPlugin
2023-05-05 12:17:29,713 [INFO] IPUIPlugin:80 - create IPUIPlugin
2023-05-05 12:17:29,713 [INFO] IPUIPlugin:80 - create IPUIPlugin
2023-05-05 12:17:29,713 [INFO] IPUIPlugin:80 - create IPUIPlugin
2023-05-05 12:17:29,713 [INFO] IPUIPlugin:80 - create IPUIPlugin
2023-05-05 12:17:29,714 [INFO] IPUIPlugin:80 - create IPUIPlugin
2023-05-05 12:17:29,714 [INFO] IPUIPlugin:80 - create IPUIPlugin
2023-05-05 12:17:29,714 [INFO] IPUIPlugin:80 - create IPUIPlugin
2023-05-05 12:17:29,714 [INFO] IPUIPlugin:80 - create IPUIPlugin
2023-05-05 12:17:29,715 [INFO] IPUIPlugin:80 - create IPUIPlugin
2023-05-05 12:17:29,715 [INFO] IPUIPlugin:80 - create IPUIPlugin
2023-05-05 12:17:29,715 [INFO] IPUIPlugin:80 - create IPUIPlugin
2023-05-05 12:17:29,715 [INFO] IPUIPlugin:80 - create IPUIPlugin
2023-05-05 12:17:29,715 [INFO] IPUIPlugin:80 - create IPUIPlugin
2023-05-05 12:17:29,716 [INFO] IPUIPlugin:80 - create IPUIPlugin
2023-05-05 12:17:29,749 [INFO] CADModel:165 - CPN selected for project levelSTM32F103RBT6
2023-05-05 12:17:29,749 [INFO] CADModel:114 - Register for checkConnection events
2023-05-05 12:17:29,837 [INFO] OpenFileManager:328 - Restore cursor
2023-05-05 13:16:47,843 [INFO] NvicIntPanel:101 - NVIC parent = com.st.microxplorer.plugins.ip.nvic.MultiNvicIntPanel[,0,0,0x0,invalid,layout=javax.swing.BoxLayout,alignmentX=0.0,alignmentY=0.0,border=,flags=9,maximumSize=,minimumSize=,preferredSize=]
2023-05-05 13:16:48,267 [INFO] NvicIntPanel:101 - NVIC parent = com.st.microxplorer.plugins.ip.nvic.MultiNvicIntPanel[,0,0,0x0,invalid,layout=javax.swing.BoxLayout,alignmentX=0.0,alignmentY=0.0,border=,flags=9,maximumSize=,minimumSize=,preferredSize=]
2023-05-05 13:16:50,029 [INFO] NvicIntPanel:101 - NVIC parent = com.st.microxplorer.plugins.ip.nvic.MultiNvicIntPanel[,0,0,0x0,invalid,layout=javax.swing.BoxLayout,alignmentX=0.0,alignmentY=0.0,border=,flags=9,maximumSize=,minimumSize=,preferredSize=]
2023-05-05 13:16:56,278 [INFO] UtilMem:75 - End SaveConfig() Used Memory: 601603272 Bytes (823132160)
2023-05-05 13:16:56,983 [INFO] UtilMem:75 - End SaveConfig() Used Memory: 619625728 Bytes (823132160)
2023-05-05 13:16:59,214 [INFO] UtilMem:75 - End SaveConfig() Used Memory: 688309504 Bytes (823132160)
2023-05-05 13:16:59,496 [INFO] BlockDiagram:2759 - set Specific Code input for plugin: NVIC
2023-05-05 13:16:59,527 [INFO] BlockDiagram:2759 - set Specific Code input for plugin: USART
2023-05-05 13:16:59,527 [INFO] BlockDiagram:2759 - set Specific Code input for plugin: USART
2023-05-05 13:16:59,527 [INFO] BlockDiagram:2759 - set Specific Code input for plugin: TIM1_8F1
2023-05-05 13:16:59,527 [INFO] BlockDiagram:2759 - set Specific Code input for plugin: SYS
2023-05-05 13:16:59,527 [INFO] BlockDiagram:2759 - set Specific Code input for plugin: GPIO
2023-05-05 13:16:59,527 [INFO] BlockDiagram:2759 - set Specific Code input for plugin: RCC
2023-05-05 13:16:59,543 [INFO] CodeGenerator:793 - code generatio: config db path: C:\ST\STM32CubeIDE_1.7.0\STM32CubeIDE\plugins\com.st.stm32cube.common.mx_6.8.0.202302231600\\db\
2023-05-05 13:16:59,857 [INFO] CodeEngine:255 - oldGeneratedFile, E:\IoT\Assignment\MCU\Signal_Control\MXTmpFiles\license.tmp_save
2023-05-05 13:16:59,967 [INFO] CodeEngine:279 - Generated code: E:\IoT\Assignment\MCU\Signal_Control\MXTmpFiles\license.tmp
2023-05-05 13:17:00,061 [INFO] CodeEngine:255 - oldGeneratedFile, E:\IoT\Assignment\MCU\Signal_Control\MXTmpFiles\gpio.tmp_save
2023-05-05 13:17:00,155 [INFO] CodeEngine:279 - Generated code: E:\IoT\Assignment\MCU\Signal_Control\MXTmpFiles\gpio.tmp
2023-05-05 13:17:00,398 [INFO] CodeEngine:255 - oldGeneratedFile, E:\IoT\Assignment\MCU\Signal_Control\Core\Src\stm32f1xx_it.c_save
2023-05-05 13:17:00,579 [INFO] CodeEngine:279 - Generated code: E:\IoT\Assignment\MCU\Signal_Control\Core\Src\stm32f1xx_it.c
2023-05-05 13:17:00,610 [INFO] CodeEngine:255 - oldGeneratedFile, E:\IoT\Assignment\MCU\Signal_Control\Core\Inc\stm32f1xx_it.h_save
2023-05-05 13:17:01,019 [INFO] CodeEngine:279 - Generated code: E:\IoT\Assignment\MCU\Signal_Control\Core\Inc\stm32f1xx_it.h
2023-05-05 13:17:01,050 [INFO] CodeEngine:255 - oldGeneratedFile, E:\IoT\Assignment\MCU\Signal_Control\Core\Src\stm32f1xx_hal_msp.c_save
2023-05-05 13:17:01,270 [INFO] CodeEngine:279 - Generated code: E:\IoT\Assignment\MCU\Signal_Control\Core\Src\stm32f1xx_hal_msp.c
2023-05-05 13:17:01,317 [INFO] CodeEngine:255 - oldGeneratedFile, E:\IoT\Assignment\MCU\Signal_Control\MXTmpFiles\system.tmp_save
2023-05-05 13:17:01,379 [INFO] CodeEngine:279 - Generated code: E:\IoT\Assignment\MCU\Signal_Control\MXTmpFiles\system.tmp
2023-05-05 13:17:01,411 [INFO] CodeEngine:311 - oldGeneratedFile, E:\IoT\Assignment\MCU\Signal_Control\Core\Inc\stm32f1xx_hal_conf.h_save
2023-05-05 13:17:01,568 [INFO] CodeEngine:335 - Generated code: E:\IoT\Assignment\MCU\Signal_Control\Core\Inc\stm32f1xx_hal_conf.h
2023-05-05 13:17:01,616 [WARN] IPConfigManager:3431 - IP not found : TIM
2023-05-05 13:17:01,616 [WARN] CodeGenerator:3754 - IP not found : null
2023-05-05 13:17:01,631 [INFO] CodeEngine:255 - oldGeneratedFile, E:\IoT\Assignment\MCU\Signal_Control\Core\Inc\main.h_save
2023-05-05 13:17:01,772 [INFO] CodeEngine:279 - Generated code: E:\IoT\Assignment\MCU\Signal_Control\Core\Inc\main.h
2023-05-05 13:17:01,788 [INFO] CodeEngine:255 - oldGeneratedFile, E:\IoT\Assignment\MCU\Signal_Control\Core\Src\main.c_save
2023-05-05 13:17:01,977 [INFO] CodeEngine:279 - Generated code: E:\IoT\Assignment\MCU\Signal_Control\Core\Src\main.c
2023-05-05 13:17:03,218 [INFO] ProjectBuilder:2996 - Time for Copy HAL[1] : 708mS.
2023-05-05 13:17:03,218 [INFO] ProjectBuilder:4304 - Project Generator version: 3.19.2
2023-05-05 13:17:03,454 [INFO] ConfigFileManager:1483 - The Die is : DIE410
2023-05-05 13:17:03,469 [INFO] ApiDbMcu:507 - Load IP Config File for FATFS
2023-05-05 13:17:03,517 [INFO] ApiDbMcu:507 - Load IP Config File for FREERTOS
2023-05-05 13:17:03,548 [INFO] ApiDbMcu:507 - Load IP Config File for USB_DEVICE
2023-05-05 13:17:09,522 [INFO] ProjectBuilder:4505 - Time for Generating toolchain IDE Files: 6304mS.
2023-05-05 13:17:09,522 [INFO] ProjectBuilder:2867 - Time for Copy CMSIS : 0mS.
2023-05-05 13:17:09,522 [INFO] ProjectBuilder:2867 - Time for Copy CMSIS : 0mS.
2023-05-05 19:18:01,392 [INFO] MainUpdater:2854 - connection check result : 10
2023-05-05 19:18:01,408 [INFO] MainUpdater:2854 - connection check result : 10
2023-05-05 19:18:01,562 [INFO] MicroXplorer:468 - Change Database Path : 
2023-05-05 19:18:01,562 [INFO] MicroXplorer:498 - Change Database Version : DB.6.0.80
2023-05-05 19:18:01,763 [WARN] ThirdParty:871 - waiting for thirdparty lock release [close project]
2023-05-05 19:18:01,763 [INFO] ThirdParty:873 - entering critical section [close project]
2023-05-05 19:18:01,763 [INFO] ThirdParty:883 - exiting critical section [close project]
2023-05-05 19:18:01,763 [INFO] PinOutPanel:1499 - setPackage(No Configuration,No Configuration)
2023-05-05 19:18:01,810 [INFO] UtilMem:75 - Begin LoadConfig() Used Memory: 600826280 Bytes (823132160)
2023-05-05 19:18:01,810 [INFO] MicroXplorer:468 - Change Database Path : 
2023-05-05 19:18:01,810 [INFO] MicroXplorer:498 - Change Database Version : DB.6.0.80
2023-05-05 19:18:01,810 [INFO] OpenFileManager:308 - Change cursor
2023-05-05 19:18:01,888 [INFO] RulesReader:64 - Compatibility file has been processed (293 Rules)
2023-05-05 19:18:01,920 [INFO] Mcu:1937 - Initializing MCU STM32F103R(8-B)Tx STM32F103RBTx STM32F103RBT6
2023-05-05 19:18:03,147 [INFO] Context:659 - Trying to add GPIOservice into a context  which must be forbidden
2023-05-05 19:18:03,482 [INFO] RtosManager:555 - Registered RTOS mode: class=CMSIS, group=RTOS, mode=CMSIS_V1, owner=FREERTOS
2023-05-05 19:18:03,482 [INFO] RtosManager:555 - Registered RTOS mode: class=CMSIS, group=RTOS2, mode=CMSIS_V2, owner=FREERTOS
2023-05-05 19:18:03,482 [INFO] RtosManager:555 - Registered RTOS mode: class=RTOS, group=Core, mode=CMSIS_V1, owner=FREERTOS
2023-05-05 19:18:03,482 [INFO] RtosManager:555 - Registered RTOS mode: class=RTOS, group=Core, mode=CMSIS_V2, owner=FREERTOS
2023-05-05 19:18:03,482 [WARN] ModelIntegratedComponent:184 - Missing modes for component STMicroelectronics:FreeRTOS:0.0.1:STMicroelectronics:RTOS:FreeRTOS:Core:::10.2.0:
2023-05-05 19:18:03,622 [WARN] ModelIntegratedComponent:63 - No mode defined for component null
2023-05-05 19:18:03,622 [WARN] ModelIntegratedComponent:63 - No mode defined for component null
2023-05-05 19:18:03,622 [WARN] ModelIntegratedComponent:63 - No mode defined for component null
2023-05-05 19:18:03,622 [WARN] ModelIntegratedComponent:63 - No mode defined for component null
2023-05-05 19:18:03,622 [WARN] ModelIntegratedComponent:63 - No mode defined for component null
2023-05-05 19:18:03,622 [WARN] ModelIntegratedComponent:63 - No mode defined for component null
2023-05-05 19:18:03,622 [WARN] ModelIntegratedComponent:63 - No mode defined for component null
2023-05-05 19:18:03,622 [WARN] ModelIntegratedComponent:63 - No mode defined for component null
2023-05-05 19:18:03,622 [WARN] ModelIntegratedComponent:63 - No mode defined for component null
2023-05-05 19:18:03,622 [WARN] ModelIntegratedComponent:63 - No mode defined for component null
2023-05-05 19:18:03,622 [WARN] ModelIntegratedComponent:63 - No mode defined for component null
2023-05-05 19:18:03,622 [WARN] ModelIntegratedComponent:63 - No mode defined for component null
2023-05-05 19:18:03,622 [WARN] ModelIntegratedComponent:63 - No mode defined for component null
2023-05-05 19:18:03,622 [WARN] ModelIntegratedComponent:63 - No mode defined for component null
2023-05-05 19:18:03,622 [WARN] ModelIntegratedComponent:63 - No mode defined for component null
2023-05-05 19:18:03,622 [WARN] ModelIntegratedComponent:63 - No mode defined for component null
2023-05-05 19:18:03,622 [WARN] ModelIntegratedComponent:63 - No mode defined for component null
2023-05-05 19:18:03,622 [WARN] ModelIntegratedComponent:63 - No mode defined for component null
2023-05-05 19:18:03,622 [WARN] ModelIntegratedComponent:63 - No mode defined for component null
2023-05-05 19:18:03,622 [WARN] ModelIntegratedComponent:63 - No mode defined for component null
2023-05-05 19:18:03,622 [WARN] ModelIntegratedComponent:63 - No mode defined for component null
2023-05-05 19:18:03,622 [WARN] ModelIntegratedComponent:63 - No mode defined for component null
2023-05-05 19:18:03,622 [WARN] ModelIntegratedComponent:63 - No mode defined for component null
2023-05-05 19:18:03,622 [WARN] ModelIntegratedComponent:63 - No mode defined for component null
2023-05-05 19:18:03,622 [WARN] ModelIntegratedComponent:63 - No mode defined for component null
2023-05-05 19:18:03,622 [WARN] ModelIntegratedComponent:63 - No mode defined for component null
2023-05-05 19:18:03,622 [WARN] ModelIntegratedComponent:63 - No mode defined for component null
2023-05-05 19:18:03,622 [WARN] ModelIntegratedComponent:63 - No mode defined for component null
2023-05-05 19:18:03,622 [WARN] ModelIntegratedComponent:63 - No mode defined for component null
2023-05-05 19:18:03,622 [WARN] ModelIntegratedComponent:63 - No mode defined for component null
2023-05-05 19:18:03,622 [WARN] ModelIntegratedComponent:63 - No mode defined for component null
2023-05-05 19:18:03,622 [WARN] ModelIntegratedComponent:63 - No mode defined for component null
2023-05-05 19:18:03,622 [WARN] ModelIntegratedComponent:63 - No mode defined for component null
2023-05-05 19:18:03,808 [INFO] ThirdPartyModel:298 - Start build external matchings
2023-05-05 19:18:04,289 [INFO] ThirdPartyModel:316 - End build external matchings
2023-05-05 19:18:04,320 [INFO] ImportTextPane:194 - (OptionalMessage_ERROR) IP (RCC) : Parameter (ADCFreqValue) has invalid value (36000000)
2023-05-05 19:18:04,320 [INFO] ImportTextPane:194 - (OptionalMessage_ERROR) IP (RCC) : Invalid parameter (FamilyName)
2023-05-05 19:18:04,320 [INFO] ImportTextPane:194 - (OptionalMessage_ERROR) IP (RCC) : Parameter (MCOFreq_Value) has invalid value (72000000)
2023-05-05 19:18:04,320 [INFO] ImportTextPane:194 - (OptionalMessage_ERROR) IP (RCC) : Parameter (USBFreq_Value) has invalid value (72000000)
2023-05-05 19:18:04,660 [INFO] UtilMem:75 - End LoadConfig() Used Memory: 390257992 Bytes (823132160)
2023-05-05 19:18:04,707 [WARN] ThirdParty:833 - waiting for thirdparty lock release [change project]
2023-05-05 19:18:04,707 [INFO] ThirdParty:835 - entering critical section [change project]
2023-05-05 19:18:04,707 [INFO] ThirdParty:1030 - CMSIS Pack Vendor :STMicroelectronics X-CUBE-ISPU 1.1.0
2023-05-05 19:18:04,707 [INFO] ThirdParty:1030 - CMSIS Pack Vendor :RoweBots I-CUBE-UNISONRTOS 5.5.0-4
2023-05-05 19:18:04,707 [INFO] ThirdParty:1030 - CMSIS Pack Vendor :STMicroelectronics X-CUBE-GNSS1 6.0.0
2023-05-05 19:18:04,707 [INFO] ThirdParty:1030 - CMSIS Pack Vendor :STMicroelectronics USB_HOST 2.0.0
2023-05-05 19:18:04,707 [INFO] ThirdParty:1030 - CMSIS Pack Vendor :STMicroelectronics X-CUBE-AZRTOS-F4 1.1.0
2023-05-05 19:18:04,707 [INFO] ThirdParty:1030 - CMSIS Pack Vendor :STMicroelectronics LIBJPEG 8.0.0
2023-05-05 19:18:04,707 [INFO] ThirdParty:1030 - CMSIS Pack Vendor :STMicroelectronics X-CUBE-SMBUS 2.1.0
2023-05-05 19:18:04,707 [INFO] ThirdParty:1030 - CMSIS Pack Vendor :wolfSSL I-CUBE-wolfSSL 5.6.0
2023-05-05 19:18:04,707 [INFO] ThirdParty:1030 - CMSIS Pack Vendor :STMicroelectronics USB_DEVICE 3.0.0
2023-05-05 19:18:04,707 [INFO] ThirdParty:1030 - CMSIS Pack Vendor :STMicroelectronics X-CUBE-AI 8.0.0
2023-05-05 19:18:04,707 [INFO] ThirdParty:1030 - CMSIS Pack Vendor :STMicroelectronics X-CUBE-FREERTOS 1.0.0
2023-05-05 19:18:04,707 [INFO] ThirdParty:1030 - CMSIS Pack Vendor :STMicroelectronics X-CUBE-FREERTOS 1.0.1
2023-05-05 19:18:04,707 [INFO] ThirdParty:1030 - CMSIS Pack Vendor :STMicroelectronics X-CUBE-TOUCHGFX 4.21.3
2023-05-05 19:18:04,707 [INFO] ThirdParty:1030 - CMSIS Pack Vendor :STMicroelectronics X-CUBE-AZRTOS-F7 1.1.0
2023-05-05 19:18:04,707 [INFO] ThirdParty:1030 - CMSIS Pack Vendor :STMicroelectronics USB_DEVICE 2.0.0
2023-05-05 19:18:04,707 [INFO] ThirdParty:1030 - CMSIS Pack Vendor :STMicroelectronics X-CUBE-MEMS1 9.6.0
2023-05-05 19:18:04,707 [INFO] ThirdParty:1030 - CMSIS Pack Vendor :STMicroelectronics X-CUBE-ALGOBUILD 1.3.0
2023-05-05 19:18:04,707 [INFO] ThirdParty:1030 - CMSIS Pack Vendor :STMicroelectronics X-CUBE-BLE1 6.2.4
2023-05-05 19:18:04,707 [INFO] ThirdParty:1030 - CMSIS Pack Vendor :STMicroelectronics X-CUBE-AZRTOS-L5 1.1.0
2023-05-05 19:18:04,707 [INFO] ThirdParty:1030 - CMSIS Pack Vendor :STMicroelectronics FreeRTOS 0.0.1
2023-05-05 19:18:04,707 [INFO] ThirdParty:1030 - CMSIS Pack Vendor :emotas I-CUBE-CANOPEN 1.1.3
2023-05-05 19:18:04,707 [INFO] ThirdParty:1030 - CMSIS Pack Vendor :STMicroelectronics X-CUBE-AZRTOS-G0 1.1.0
2023-05-05 19:18:04,707 [INFO] ThirdParty:1030 - CMSIS Pack Vendor :STMicroelectronics X-CUBE-BLEMGR 2.0.0
2023-05-05 19:18:04,707 [INFO] ThirdParty:1030 - CMSIS Pack Vendor :STMicroelectronics X-CUBE-SUBG2 5.0.0
2023-05-05 19:18:04,707 [INFO] ThirdParty:1030 - CMSIS Pack Vendor :STMicroelectronics X-CUBE-NFC4 3.0.0
2023-05-05 19:18:04,707 [INFO] ThirdParty:1030 - CMSIS Pack Vendor :STMicroelectronics STM32_WPAN 1.0.0
2023-05-05 19:18:04,707 [INFO] ThirdParty:1030 - CMSIS Pack Vendor :STMicroelectronics lwIP 2.0.3
2023-05-05 19:18:04,707 [INFO] ThirdParty:1030 - CMSIS Pack Vendor :STMicroelectronics USB_HOST 1.0.0
2023-05-05 19:18:04,707 [INFO] ThirdParty:1030 - CMSIS Pack Vendor :STMicroelectronics X-CUBE-AZRTOS-G4 2.0.0
2023-05-05 19:18:04,707 [INFO] ThirdParty:1030 - CMSIS Pack Vendor :STMicroelectronics PDM2PCM 3.1.0
2023-05-05 19:18:04,707 [INFO] ThirdParty:1030 - CMSIS Pack Vendor :STMicroelectronics X-CUBE-AZRTOS-H7 3.1.0
2023-05-05 19:18:04,707 [INFO] ThirdParty:1030 - CMSIS Pack Vendor :STMicroelectronics X-CUBE-TOF1 3.3.0
2023-05-05 19:18:04,707 [INFO] ThirdParty:1030 - CMSIS Pack Vendor :STMicroelectronics FP-ATR-ASTRA1 1.1.1
2023-05-05 19:18:04,707 [INFO] ThirdParty:1030 - CMSIS Pack Vendor :STMicroelectronics PDM2PCM 3.3.0
2023-05-05 19:18:04,707 [INFO] ThirdParty:1030 - CMSIS Pack Vendor :STMicroelectronics X-CUBE-DISPLAY 3.0.0
2023-05-05 19:18:04,707 [INFO] ThirdParty:1030 - CMSIS Pack Vendor :STMicroelectronics X-CUBE-AZRTOS-G4 1.0.0
2023-05-05 19:18:04,707 [INFO] ThirdParty:1030 - CMSIS Pack Vendor :STMicroelectronics FP-ATR-SIGFOX1 3.2.0
2023-05-05 19:18:04,707 [INFO] ThirdParty:1030 - CMSIS Pack Vendor :STMicroelectronics X-CUBE-AZRTOS-L4 1.0.0
2023-05-05 19:18:04,707 [INFO] ThirdParty:1030 - CMSIS Pack Vendor :STMicroelectronics HAL Drivers 0.0.0
2023-05-05 19:18:04,707 [INFO] ThirdParty:1030 - CMSIS Pack Vendor :STMicroelectronics MBEDTLS 2.16.2
2023-05-05 19:18:04,707 [INFO] ThirdParty:1030 - CMSIS Pack Vendor :STMicroelectronics MBEDTLS 2.14.1
2023-05-05 19:18:04,707 [INFO] ThirdParty:1030 - CMSIS Pack Vendor :STMicroelectronics X-CUBE-NFC7 1.0.0
2023-05-05 19:18:04,707 [INFO] ThirdParty:1030 - CMSIS Pack Vendor :STMicroelectronics X-CUBE-AZRTOS-WL 1.0.0
2023-05-05 19:18:04,707 [INFO] ThirdParty:1030 - CMSIS Pack Vendor :STMicroelectronics X-CUBE-EEPRMA1 4.1.0
2023-05-05 19:18:04,707 [INFO] ThirdParty:1030 - CMSIS Pack Vendor :portGmbH I-Cube-SoM-uGOAL 1.1.0
2023-05-05 19:18:04,707 [INFO] ThirdParty:1030 - CMSIS Pack Vendor :STMicroelectronics X-CUBE-ALS 1.0.1
2023-05-05 19:18:04,707 [INFO] ThirdParty:1030 - CMSIS Pack Vendor :STMicroelectronics X-CUBE-MEMS1 9.5.0
2023-05-05 19:18:04,707 [INFO] ThirdParty:1030 - CMSIS Pack Vendor :STMicroelectronics ThreadX 1.0.0
2023-05-05 19:18:04,707 [INFO] ThirdParty:1030 - CMSIS Pack Vendor :STMicroelectronics X-CUBE-AZRTOS-WB 1.1.0
2023-05-05 19:18:04,707 [INFO] ThirdParty:1030 - CMSIS Pack Vendor :SEGGER I-CUBE-embOS 1.3.1
2023-05-05 19:18:04,707 [INFO] ThirdParty:1030 - CMSIS Pack Vendor :STMicroelectronics USB_DEVICE 1.0.0
2023-05-05 19:18:04,707 [INFO] ThirdParty:1030 - CMSIS Pack Vendor :STMicroelectronics ThreadX 0.0.2
2023-05-05 19:18:04,707 [INFO] ThirdParty:1030 - CMSIS Pack Vendor :WES I-CUBE-Cesium 1.3.0
2023-05-05 19:18:04,707 [INFO] ThirdParty:1030 - CMSIS Pack Vendor :STMicroelectronics FP-ATR-ASTRA1 2.0.0
2023-05-05 19:18:04,707 [INFO] ThirdParty:1030 - CMSIS Pack Vendor :STMicroelectronics lwIP 2.1.2
2023-05-05 19:18:04,707 [INFO] ThirdParty:1030 - CMSIS Pack Vendor :STMicroelectronics X-CUBE-SFXS2LP1 4.0.0
2023-05-05 19:18:04,707 [INFO] ThirdParty:1030 - CMSIS Pack Vendor :STMicroelectronics X-CUBE-BLE2 3.3.0
2023-05-05 19:18:04,707 [INFO] ThirdParty:1030 - CMSIS Pack Vendor :STMicroelectronics PDM2PCM 3.2.0
2023-05-05 19:18:04,707 [INFO] ThirdParty:1030 - CMSIS Pack Vendor :STMicroelectronics X-CUBE-AZRTOS-H7 3.0.0
2023-05-05 19:18:04,724 [INFO] ThirdParty:841 - exiting critical section [change project]
2023-05-05 19:18:05,048 [INFO] PinOutPanel:1499 - setPackage(No Configuration,No Configuration)
2023-05-05 19:18:05,062 [INFO] PinOutPanel:1499 - setPackage(STM32F103RBTx,LQFP64)
2023-05-05 19:18:07,092 [INFO] UtilMem:75 - Before build in PCC Used Memory: 512185176 Bytes (823132160)
2023-05-05 19:18:07,527 [INFO] UtilMem:75 - After build in PCC Used Memory: 553605976 Bytes (823132160)
2023-05-05 19:18:07,553 [INFO] IPUIPlugin:80 - create IPUIPlugin
2023-05-05 19:18:07,553 [INFO] IPUIPlugin:80 - create IPUIPlugin
2023-05-05 19:18:07,553 [INFO] IPUIPlugin:80 - create IPUIPlugin
2023-05-05 19:18:07,553 [INFO] IPUIPlugin:80 - create IPUIPlugin
2023-05-05 19:18:07,553 [INFO] IPUIPlugin:80 - create IPUIPlugin
2023-05-05 19:18:07,553 [INFO] IPUIPlugin:80 - create IPUIPlugin
2023-05-05 19:18:07,553 [INFO] IPUIPlugin:80 - create IPUIPlugin
2023-05-05 19:18:07,553 [INFO] IPUIPlugin:80 - create IPUIPlugin
2023-05-05 19:18:07,553 [INFO] IPUIPlugin:80 - create IPUIPlugin
2023-05-05 19:18:07,553 [INFO] IPUIPlugin:80 - create IPUIPlugin
2023-05-05 19:18:07,553 [INFO] IPUIPlugin:80 - create IPUIPlugin
2023-05-05 19:18:07,553 [INFO] IPUIPlugin:80 - create IPUIPlugin
2023-05-05 19:18:07,553 [INFO] IPUIPlugin:80 - create IPUIPlugin
2023-05-05 19:18:07,558 [INFO] IPUIPlugin:80 - create IPUIPlugin
2023-05-05 19:18:07,558 [INFO] IPUIPlugin:80 - create IPUIPlugin
2023-05-05 19:18:07,558 [INFO] IPUIPlugin:80 - create IPUIPlugin
2023-05-05 19:18:07,558 [INFO] IPUIPlugin:80 - create IPUIPlugin
2023-05-05 19:18:07,558 [INFO] IPUIPlugin:80 - create IPUIPlugin
2023-05-05 19:18:07,558 [INFO] IPUIPlugin:80 - create IPUIPlugin
2023-05-05 19:18:07,558 [INFO] IPUIPlugin:80 - create IPUIPlugin
2023-05-05 19:18:07,558 [INFO] IPUIPlugin:80 - create IPUIPlugin
2023-05-05 19:18:07,558 [INFO] IPUIPlugin:80 - create IPUIPlugin
2023-05-05 19:18:07,558 [INFO] IPUIPlugin:80 - create IPUIPlugin
2023-05-05 19:18:07,558 [INFO] IPUIPlugin:80 - create IPUIPlugin
2023-05-05 19:18:07,558 [INFO] IPUIPlugin:80 - create IPUIPlugin
2023-05-05 19:18:07,558 [INFO] IPUIPlugin:80 - create IPUIPlugin
2023-05-05 19:18:07,558 [INFO] IPUIPlugin:80 - create IPUIPlugin
2023-05-05 19:18:07,605 [INFO] CADModel:165 - CPN selected for project levelSTM32F103RBT6
2023-05-05 19:18:07,605 [INFO] CADModel:114 - Register for checkConnection events
2023-05-05 19:18:07,695 [INFO] OpenFileManager:328 - Restore cursor
2023-05-05 19:18:17,871 [INFO] ParamManager:886 - [Generic UI] PropertyChangeEvent: TAB_STATUS_CHANGED , "dont care", "never mind"
2023-05-05 19:18:17,953 [INFO] ParamManager:886 - [Generic UI] PropertyChangeEvent: TAB_STATUS_CHANGED , "dont care", "never mind"
2023-05-05 19:18:17,971 [INFO] ADCParametersView:116 -                Rank 1 : false
2023-05-05 19:18:18,001 [INFO] ADCParametersView:116 -                Rank 1 : false
2023-05-05 19:18:18,002 [INFO] ADCParametersView:116 -                Rank 1 : false
2023-05-05 19:18:18,002 [INFO] ADCParametersView:116 -                Rank 1 : false
2023-05-05 19:18:18,002 [INFO] ADCParametersView:116 -                Rank 1 : false
2023-05-05 19:18:18,002 [INFO] ADCParametersView:116 -                Rank 1 : false
2023-05-05 19:18:18,002 [INFO] ADCParametersView:116 -                Rank 1 : false
2023-05-05 19:18:18,002 [INFO] ADCParametersView:116 -                Rank 1 : false
2023-05-05 19:18:18,002 [INFO] ADCParametersView:116 -                Rank 1 : false
2023-05-05 19:18:18,003 [INFO] ADCParametersView:116 -                Rank 1 : false
2023-05-05 19:18:18,003 [INFO] ADCParametersView:116 -                Rank 1 : false
2023-05-05 19:18:18,007 [INFO] ADCParametersView:116 -                Rank 1 : false
2023-05-05 19:18:18,066 [INFO] NvicIntPanel:101 - NVIC parent = com.st.microxplorer.plugins.ip.nvic.MultiNvicIntPanel[,0,0,0x0,invalid,layout=javax.swing.BoxLayout,alignmentX=0.0,alignmentY=0.0,border=,flags=9,maximumSize=,minimumSize=,preferredSize=]
2023-05-05 19:18:18,130 [INFO] NvicIntPanel:101 - NVIC parent = com.st.microxplorer.plugins.ip.nvic.MultiNvicIntPanel[,0,0,0x0,invalid,layout=javax.swing.BoxLayout,alignmentX=0.0,alignmentY=0.0,border=,flags=9,maximumSize=,minimumSize=,preferredSize=]
2023-05-05 19:18:18,161 [INFO] ADCParametersView:116 -                Rank 1 : false
2023-05-05 19:18:18,161 [INFO] ADCParametersView:116 -                Rank 1 : false
2023-05-05 19:18:18,161 [INFO] ADCParametersView:116 -                Rank 1 : false
2023-05-05 19:18:18,161 [INFO] ADCParametersView:116 -                Rank 1 : false
2023-05-05 19:18:18,161 [INFO] ADCParametersView:116 -                Rank 1 : false
2023-05-05 19:18:18,162 [INFO] ADCParametersView:116 -                Rank 1 : false
2023-05-05 19:18:18,162 [INFO] ADCParametersView:116 -                Rank 1 : false
2023-05-05 19:18:18,162 [INFO] ADCParametersView:116 -                Rank 1 : false
2023-05-05 19:18:18,162 [INFO] ADCParametersView:116 -                Rank 1 : false
2023-05-05 19:18:18,162 [INFO] ADCParametersView:116 -                Rank 1 : false
2023-05-05 19:18:18,166 [INFO] ADCParametersView:116 -                Rank 1 : false
2023-05-05 19:18:18,179 [INFO] ADCParametersView:116 -                Rank 1 : false
2023-05-05 19:18:18,179 [INFO] ADCParametersView:116 -                Rank 1 : false
2023-05-05 19:18:18,180 [INFO] ADCParametersView:116 -                Rank 1 : false
2023-05-05 19:18:18,180 [INFO] ADCParametersView:116 -                Rank 1 : false
2023-05-05 19:18:18,180 [INFO] ADCParametersView:116 -                Rank 1 : false
2023-05-05 19:18:18,180 [INFO] ADCParametersView:116 -                Rank 1 : false
2023-05-05 19:18:18,180 [INFO] ADCParametersView:116 -                Rank 1 : false
2023-05-05 19:18:18,180 [INFO] ADCParametersView:116 -                Rank 1 : false
2023-05-05 19:18:18,180 [INFO] ADCParametersView:116 -                Rank 1 : false
2023-05-05 19:18:18,180 [INFO] ADCParametersView:116 -                Rank 1 : false
2023-05-05 19:18:18,186 [INFO] ADCParametersView:116 -                Rank 1 : false
2023-05-05 19:18:57,109 [INFO] ParamManager:886 - [Generic UI] PropertyChangeEvent: TAB_STATUS_CHANGED , "dont care", "never mind"
2023-05-05 19:18:57,125 [INFO] ADCParametersView:116 -                Rank 1 : false
2023-05-05 19:18:57,125 [INFO] ADCParametersView:116 -                Rank 1 : false
2023-05-05 19:18:57,125 [INFO] ADCParametersView:116 -                Rank 1 : false
2023-05-05 19:18:57,125 [INFO] ADCParametersView:116 -                Rank 1 : false
2023-05-05 19:18:57,125 [INFO] ADCParametersView:116 -                Rank 1 : false
2023-05-05 19:18:57,125 [INFO] ADCParametersView:116 -                Rank 1 : false
2023-05-05 19:18:57,125 [INFO] ADCParametersView:116 -                Rank 1 : false
2023-05-05 19:18:57,125 [INFO] ADCParametersView:116 -                Rank 1 : false
2023-05-05 19:18:57,125 [INFO] ADCParametersView:116 -                Rank 1 : false
2023-05-05 19:18:57,125 [INFO] ADCParametersView:116 -                Rank 1 : false
2023-05-05 19:18:57,125 [INFO] ParamManager:886 - [Generic UI] PropertyChangeEvent: TAB_STATUS_CHANGED , "dont care", "never mind"
2023-05-05 19:18:57,125 [INFO] ADCParametersView:116 -                Rank 1 : false
2023-05-05 19:18:57,144 [INFO] ADCParametersView:116 -                Rank 1 : false
2023-05-05 19:18:57,144 [INFO] ADCParametersView:116 -                Rank 1 : false
2023-05-05 19:18:57,144 [INFO] ADCParametersView:116 -                Rank 1 : false
2023-05-05 19:18:57,145 [INFO] ADCParametersView:116 -                Rank 1 : false
2023-05-05 19:18:57,145 [INFO] ADCParametersView:116 -                Rank 1 : false
2023-05-05 19:18:57,145 [INFO] ADCParametersView:116 -                Rank 1 : false
2023-05-05 19:18:57,145 [INFO] ADCParametersView:116 -                Rank 1 : false
2023-05-05 19:18:57,145 [INFO] ADCParametersView:116 -                Rank 1 : false
2023-05-05 19:18:57,145 [INFO] ADCParametersView:116 -                Rank 1 : false
2023-05-05 19:18:57,145 [INFO] ADCParametersView:116 -                Rank 1 : false
2023-05-05 19:18:57,149 [INFO] ADCParametersView:116 -                Rank 1 : false
2023-05-05 19:18:57,185 [INFO] NvicIntPanel:101 - NVIC parent = com.st.microxplorer.plugins.ip.nvic.MultiNvicIntPanel[,0,0,0x0,invalid,layout=javax.swing.BoxLayout,alignmentX=0.0,alignmentY=0.0,border=,flags=9,maximumSize=,minimumSize=,preferredSize=]
2023-05-05 19:18:57,263 [INFO] NvicIntPanel:101 - NVIC parent = com.st.microxplorer.plugins.ip.nvic.MultiNvicIntPanel[,0,0,0x0,invalid,layout=javax.swing.BoxLayout,alignmentX=0.0,alignmentY=0.0,border=,flags=9,maximumSize=,minimumSize=,preferredSize=]
2023-05-05 19:18:57,294 [INFO] ADCParametersView:116 -                Rank 1 : false
2023-05-05 19:18:57,294 [INFO] ADCParametersView:116 -                Rank 1 : false
2023-05-05 19:18:57,294 [INFO] ADCParametersView:116 -                Rank 1 : false
2023-05-05 19:18:57,294 [INFO] ADCParametersView:116 -                Rank 1 : false
2023-05-05 19:18:57,294 [INFO] ADCParametersView:116 -                Rank 1 : false
2023-05-05 19:18:57,294 [INFO] ADCParametersView:116 -                Rank 1 : false
2023-05-05 19:18:57,294 [INFO] ADCParametersView:116 -                Rank 1 : false
2023-05-05 19:18:57,294 [INFO] ADCParametersView:116 -                Rank 1 : false
2023-05-05 19:18:57,294 [INFO] ADCParametersView:116 -                Rank 1 : false
2023-05-05 19:18:57,294 [INFO] ADCParametersView:116 -                Rank 1 : false
2023-05-05 19:18:57,294 [INFO] ADCParametersView:116 -                Rank 1 : false
2023-05-05 19:18:57,310 [INFO] ADCParametersView:116 -                Rank 1 : false
2023-05-05 19:18:57,310 [INFO] ADCParametersView:116 -                Rank 1 : false
2023-05-05 19:18:57,310 [INFO] ADCParametersView:116 -                Rank 1 : false
2023-05-05 19:18:57,310 [INFO] ADCParametersView:116 -                Rank 1 : false
2023-05-05 19:18:57,310 [INFO] ADCParametersView:116 -                Rank 1 : false
2023-05-05 19:18:57,310 [INFO] ADCParametersView:116 -                Rank 1 : false
2023-05-05 19:18:57,310 [INFO] ADCParametersView:116 -                Rank 1 : false
2023-05-05 19:18:57,310 [INFO] ADCParametersView:116 -                Rank 1 : false
2023-05-05 19:18:57,310 [INFO] ADCParametersView:116 -                Rank 1 : false
2023-05-05 19:18:57,310 [INFO] ADCParametersView:116 -                Rank 1 : false
2023-05-05 19:18:57,326 [INFO] ADCParametersView:116 -                Rank 1 : false
2023-05-05 19:19:26,167 [INFO] ParamManager:886 - [Generic UI] PropertyChangeEvent: TAB_STATUS_CHANGED , "dont care", "never mind"
2023-05-05 19:19:26,167 [INFO] ADCParametersView:116 -                Rank 1 : false
2023-05-05 19:19:26,167 [INFO] ADCParametersView:116 -                Rank 1 : false
2023-05-05 19:19:26,167 [INFO] ADCParametersView:116 -                Rank 1 : false
2023-05-05 19:19:26,167 [INFO] ADCParametersView:116 -                Rank 1 : false
2023-05-05 19:19:26,167 [INFO] ADCParametersView:116 -                Rank 1 : false
2023-05-05 19:19:26,167 [INFO] ADCParametersView:116 -                Rank 1 : false
2023-05-05 19:19:26,167 [INFO] ADCParametersView:116 -                Rank 1 : false
2023-05-05 19:19:26,167 [INFO] ADCParametersView:116 -                Rank 1 : false
2023-05-05 19:19:26,167 [INFO] ADCParametersView:116 -                Rank 1 : false
2023-05-05 19:19:26,167 [INFO] ADCParametersView:116 -                Rank 1 : false
2023-05-05 19:19:26,167 [INFO] ParamManager:886 - [Generic UI] PropertyChangeEvent: TAB_STATUS_CHANGED , "dont care", "never mind"
2023-05-05 19:19:26,167 [INFO] ADCParametersView:116 -                Rank 1 : false
2023-05-05 19:19:26,191 [INFO] ADCParametersView:116 -                Rank 1 : false
2023-05-05 19:19:26,191 [INFO] ADCParametersView:116 -                Rank 1 : false
2023-05-05 19:19:26,193 [INFO] ADCParametersView:116 -                Rank 1 : false
2023-05-05 19:19:26,193 [INFO] ADCParametersView:116 -                Rank 1 : false
2023-05-05 19:19:26,193 [INFO] ADCParametersView:116 -                Rank 1 : false
2023-05-05 19:19:26,193 [INFO] ADCParametersView:116 -                Rank 1 : false
2023-05-05 19:19:26,193 [INFO] ADCParametersView:116 -                Rank 1 : false
2023-05-05 19:19:26,193 [INFO] ADCParametersView:116 -                Rank 1 : false
2023-05-05 19:19:26,193 [INFO] ADCParametersView:116 -                Rank 1 : false
2023-05-05 19:19:26,193 [INFO] ADCParametersView:116 -                Rank 1 : false
2023-05-05 19:19:26,198 [INFO] ADCParametersView:116 -                Rank 1 : false
2023-05-05 19:19:26,243 [INFO] NvicIntPanel:101 - NVIC parent = com.st.microxplorer.plugins.ip.nvic.MultiNvicIntPanel[,0,0,0x0,invalid,layout=javax.swing.BoxLayout,alignmentX=0.0,alignmentY=0.0,border=,flags=9,maximumSize=,minimumSize=,preferredSize=]
2023-05-05 19:19:26,290 [INFO] NvicIntPanel:101 - NVIC parent = com.st.microxplorer.plugins.ip.nvic.MultiNvicIntPanel[,0,0,0x0,invalid,layout=javax.swing.BoxLayout,alignmentX=0.0,alignmentY=0.0,border=,flags=9,maximumSize=,minimumSize=,preferredSize=]
2023-05-05 19:19:26,322 [INFO] ADCParametersView:116 -                Rank 1 : false
2023-05-05 19:19:26,322 [INFO] ADCParametersView:116 -                Rank 1 : false
2023-05-05 19:19:26,322 [INFO] ADCParametersView:116 -                Rank 1 : false
2023-05-05 19:19:26,322 [INFO] ADCParametersView:116 -                Rank 1 : false
2023-05-05 19:19:26,322 [INFO] ADCParametersView:116 -                Rank 1 : false
2023-05-05 19:19:26,322 [INFO] ADCParametersView:116 -                Rank 1 : false
2023-05-05 19:19:26,322 [INFO] ADCParametersView:116 -                Rank 1 : false
2023-05-05 19:19:26,322 [INFO] ADCParametersView:116 -                Rank 1 : false
2023-05-05 19:19:26,322 [INFO] ADCParametersView:116 -                Rank 1 : false
2023-05-05 19:19:26,322 [INFO] ADCParametersView:116 -                Rank 1 : false
2023-05-05 19:19:26,337 [INFO] ADCParametersView:116 -                Rank 1 : false
2023-05-05 19:19:26,339 [INFO] ADCParametersView:116 -                Rank 1 : false
2023-05-05 19:19:26,339 [INFO] ADCParametersView:116 -                Rank 1 : false
2023-05-05 19:19:26,339 [INFO] ADCParametersView:116 -                Rank 1 : false
2023-05-05 19:19:26,339 [INFO] ADCParametersView:116 -                Rank 1 : false
2023-05-05 19:19:26,339 [INFO] ADCParametersView:116 -                Rank 1 : false
2023-05-05 19:19:26,339 [INFO] ADCParametersView:116 -                Rank 1 : false
2023-05-05 19:19:26,339 [INFO] ADCParametersView:116 -                Rank 1 : false
2023-05-05 19:19:26,339 [INFO] ADCParametersView:116 -                Rank 1 : false
2023-05-05 19:19:26,339 [INFO] ADCParametersView:116 -                Rank 1 : false
2023-05-05 19:19:26,339 [INFO] ADCParametersView:116 -                Rank 1 : false
2023-05-05 19:19:26,339 [INFO] ADCParametersView:116 -                Rank 1 : false
2023-05-05 19:19:37,535 [INFO] ParamManager:886 - [Generic UI] PropertyChangeEvent: TAB_STATUS_CHANGED , "dont care", "never mind"
2023-05-05 19:19:37,535 [INFO] ADCParametersView:116 -                Rank 1 : false
2023-05-05 19:19:37,535 [INFO] ADCParametersView:116 -                Rank 1 : false
2023-05-05 19:19:37,535 [INFO] ADCParametersView:116 -                Rank 1 : false
2023-05-05 19:19:37,535 [INFO] ADCParametersView:116 -                Rank 1 : false
2023-05-05 19:19:37,535 [INFO] ADCParametersView:116 -                Rank 1 : false
2023-05-05 19:19:37,535 [INFO] ADCParametersView:116 -                Rank 1 : false
2023-05-05 19:19:37,535 [INFO] ADCParametersView:116 -                Rank 1 : false
2023-05-05 19:19:37,535 [INFO] ADCParametersView:116 -                Rank 1 : false
2023-05-05 19:19:37,535 [INFO] ADCParametersView:116 -                Rank 1 : false
2023-05-05 19:19:37,551 [INFO] ADCParametersView:116 -                Rank 1 : false
2023-05-05 19:19:37,551 [INFO] ParamManager:886 - [Generic UI] PropertyChangeEvent: TAB_STATUS_CHANGED , "dont care", "never mind"
2023-05-05 19:19:37,551 [INFO] ADCParametersView:116 -                Rank 1 : false
2023-05-05 19:19:37,566 [INFO] ADCParametersView:116 -                Rank 1 : false
2023-05-05 19:19:37,566 [INFO] ADCParametersView:116 -                Rank 1 : false
2023-05-05 19:19:37,566 [INFO] ADCParametersView:116 -                Rank 1 : false
2023-05-05 19:19:37,566 [INFO] ADCParametersView:116 -                Rank 1 : false
2023-05-05 19:19:37,566 [INFO] ADCParametersView:116 -                Rank 1 : false
2023-05-05 19:19:37,566 [INFO] ADCParametersView:116 -                Rank 1 : false
2023-05-05 19:19:37,566 [INFO] ADCParametersView:116 -                Rank 1 : false
2023-05-05 19:19:37,566 [INFO] ADCParametersView:116 -                Rank 1 : false
2023-05-05 19:19:37,566 [INFO] ADCParametersView:116 -                Rank 1 : false
2023-05-05 19:19:37,566 [INFO] ADCParametersView:116 -                Rank 1 : false
2023-05-05 19:19:37,574 [INFO] ADCParametersView:116 -                Rank 1 : false
2023-05-05 19:19:37,689 [INFO] NvicIntPanel:101 - NVIC parent = com.st.microxplorer.plugins.ip.nvic.MultiNvicIntPanel[,0,0,0x0,invalid,layout=javax.swing.BoxLayout,alignmentX=0.0,alignmentY=0.0,border=,flags=9,maximumSize=,minimumSize=,preferredSize=]
2023-05-05 19:19:37,736 [INFO] NvicIntPanel:101 - NVIC parent = com.st.microxplorer.plugins.ip.nvic.MultiNvicIntPanel[,0,0,0x0,invalid,layout=javax.swing.BoxLayout,alignmentX=0.0,alignmentY=0.0,border=,flags=9,maximumSize=,minimumSize=,preferredSize=]
2023-05-05 19:19:37,774 [INFO] ADCParametersView:116 -                Rank 1 : false
2023-05-05 19:19:37,774 [INFO] ADCParametersView:116 -                Rank 1 : false
2023-05-05 19:19:37,774 [INFO] ADCParametersView:116 -                Rank 1 : false
2023-05-05 19:19:37,774 [INFO] ADCParametersView:116 -                Rank 1 : false
2023-05-05 19:19:37,774 [INFO] ADCParametersView:116 -                Rank 1 : false
2023-05-05 19:19:37,774 [INFO] ADCParametersView:116 -                Rank 1 : false
2023-05-05 19:19:37,774 [INFO] ADCParametersView:116 -                Rank 1 : false
2023-05-05 19:19:37,774 [INFO] ADCParametersView:116 -                Rank 1 : false
2023-05-05 19:19:37,774 [INFO] ADCParametersView:116 -                Rank 1 : false
2023-05-05 19:19:37,774 [INFO] ADCParametersView:116 -                Rank 1 : false
2023-05-05 19:19:37,784 [INFO] ADCParametersView:116 -                Rank 1 : false
2023-05-05 19:19:37,784 [INFO] ADCParametersView:116 -                Rank 1 : false
2023-05-05 19:19:37,784 [INFO] ADCParametersView:116 -                Rank 1 : false
2023-05-05 19:19:37,784 [INFO] ADCParametersView:116 -                Rank 1 : false
2023-05-05 19:19:37,784 [INFO] ADCParametersView:116 -                Rank 1 : false
2023-05-05 19:19:37,784 [INFO] ADCParametersView:116 -                Rank 1 : false
2023-05-05 19:19:37,784 [INFO] ADCParametersView:116 -                Rank 1 : false
2023-05-05 19:19:37,784 [INFO] ADCParametersView:116 -                Rank 1 : false
2023-05-05 19:19:37,784 [INFO] ADCParametersView:116 -                Rank 1 : false
2023-05-05 19:19:37,784 [INFO] ADCParametersView:116 -                Rank 1 : false
2023-05-05 19:19:37,784 [INFO] ADCParametersView:116 -                Rank 1 : false
2023-05-05 19:19:37,799 [INFO] ADCParametersView:116 -                Rank 1 : false
2023-05-05 19:20:05,632 [INFO] ParamManager:886 - [Generic UI] PropertyChangeEvent: TAB_STATUS_CHANGED , "dont care", "never mind"
2023-05-05 19:20:05,632 [INFO] ADCParametersView:116 -                Rank 1 : false
2023-05-05 19:20:05,632 [INFO] ADCParametersView:116 -                Rank 1 : false
2023-05-05 19:20:05,632 [INFO] ADCParametersView:116 -                Rank 1 : false
2023-05-05 19:20:05,632 [INFO] ADCParametersView:116 -                Rank 1 : false
2023-05-05 19:20:05,632 [INFO] ADCParametersView:116 -                Rank 1 : false
2023-05-05 19:20:05,632 [INFO] ADCParametersView:116 -                Rank 1 : false
2023-05-05 19:20:05,632 [INFO] ADCParametersView:116 -                Rank 1 : false
2023-05-05 19:20:05,632 [INFO] ADCParametersView:116 -                Rank 1 : false
2023-05-05 19:20:05,632 [INFO] ADCParametersView:116 -                Rank 1 : false
2023-05-05 19:20:05,632 [INFO] ADCParametersView:116 -                Rank 1 : false
2023-05-05 19:20:05,648 [INFO] ParamManager:886 - [Generic UI] PropertyChangeEvent: TAB_STATUS_CHANGED , "dont care", "never mind"
2023-05-05 19:20:05,653 [INFO] ADCParametersView:116 -                Rank 1 : false
2023-05-05 19:20:05,664 [INFO] ADCParametersView:116 -                Rank 1 : false
2023-05-05 19:20:05,664 [INFO] ADCParametersView:116 -                Rank 1 : false
2023-05-05 19:20:05,664 [INFO] ADCParametersView:116 -                Rank 1 : false
2023-05-05 19:20:05,664 [INFO] ADCParametersView:116 -                Rank 1 : false
2023-05-05 19:20:05,664 [INFO] ADCParametersView:116 -                Rank 1 : false
2023-05-05 19:20:05,664 [INFO] ADCParametersView:116 -                Rank 1 : false
2023-05-05 19:20:05,664 [INFO] ADCParametersView:116 -                Rank 1 : false
2023-05-05 19:20:05,664 [INFO] ADCParametersView:116 -                Rank 1 : false
2023-05-05 19:20:05,664 [INFO] ADCParametersView:116 -                Rank 1 : false
2023-05-05 19:20:05,664 [INFO] ADCParametersView:116 -                Rank 1 : false
2023-05-05 19:20:05,664 [INFO] ADCParametersView:116 -                Rank 1 : false
2023-05-05 19:20:05,711 [INFO] NvicIntPanel:101 - NVIC parent = com.st.microxplorer.plugins.ip.nvic.MultiNvicIntPanel[,0,0,0x0,invalid,layout=javax.swing.BoxLayout,alignmentX=0.0,alignmentY=0.0,border=,flags=9,maximumSize=,minimumSize=,preferredSize=]
2023-05-05 19:20:05,793 [INFO] NvicIntPanel:101 - NVIC parent = com.st.microxplorer.plugins.ip.nvic.MultiNvicIntPanel[,0,0,0x0,invalid,layout=javax.swing.BoxLayout,alignmentX=0.0,alignmentY=0.0,border=,flags=9,maximumSize=,minimumSize=,preferredSize=]
2023-05-05 19:20:05,818 [INFO] ADCParametersView:116 -                Rank 1 : false
2023-05-05 19:20:05,818 [INFO] ADCParametersView:116 -                Rank 1 : false
2023-05-05 19:20:05,818 [INFO] ADCParametersView:116 -                Rank 1 : false
2023-05-05 19:20:05,818 [INFO] ADCParametersView:116 -                Rank 1 : false
2023-05-05 19:20:05,818 [INFO] ADCParametersView:116 -                Rank 1 : false
2023-05-05 19:20:05,818 [INFO] ADCParametersView:116 -                Rank 1 : false
2023-05-05 19:20:05,818 [INFO] ADCParametersView:116 -                Rank 1 : false
2023-05-05 19:20:05,818 [INFO] ADCParametersView:116 -                Rank 1 : false
2023-05-05 19:20:05,818 [INFO] ADCParametersView:116 -                Rank 1 : false
2023-05-05 19:20:05,818 [INFO] ADCParametersView:116 -                Rank 1 : false
2023-05-05 19:20:05,834 [INFO] ADCParametersView:116 -                Rank 1 : false
2023-05-05 19:20:05,834 [INFO] ADCParametersView:116 -                Rank 1 : false
2023-05-05 19:20:05,834 [INFO] ADCParametersView:116 -                Rank 1 : false
2023-05-05 19:20:05,834 [INFO] ADCParametersView:116 -                Rank 1 : false
2023-05-05 19:20:05,834 [INFO] ADCParametersView:116 -                Rank 1 : false
2023-05-05 19:20:05,834 [INFO] ADCParametersView:116 -                Rank 1 : false
2023-05-05 19:20:05,834 [INFO] ADCParametersView:116 -                Rank 1 : false
2023-05-05 19:20:05,834 [INFO] ADCParametersView:116 -                Rank 1 : false
2023-05-05 19:20:05,834 [INFO] ADCParametersView:116 -                Rank 1 : false
2023-05-05 19:20:05,834 [INFO] ADCParametersView:116 -                Rank 1 : false
2023-05-05 19:20:05,834 [INFO] ADCParametersView:116 -                Rank 1 : false
2023-05-05 19:20:05,849 [INFO] ADCParametersView:116 -                Rank 1 : false
2023-05-05 19:22:20,502 [INFO] ADCParametersView:116 -                Rank 1 : false
2023-05-05 19:22:20,502 [INFO] ADCParametersView:116 -                Rank 1 : false
2023-05-05 19:22:20,502 [INFO] ADCParametersView:116 -                Rank 1 : false
2023-05-05 19:22:20,502 [INFO] ADCParametersView:116 -                Rank 1 : false
2023-05-05 19:22:20,502 [INFO] ADCParametersView:116 -                Rank 1 : false
2023-05-05 19:22:20,502 [INFO] ADCParametersView:116 -                Rank 1 : false
2023-05-05 19:22:20,502 [INFO] ADCParametersView:116 -                Rank 1 : false
2023-05-05 19:22:20,502 [INFO] ADCParametersView:116 -                Rank 1 : false
2023-05-05 19:22:20,502 [INFO] ADCParametersView:116 -                Rank 1 : false
2023-05-05 19:22:20,502 [INFO] ADCParametersView:116 -                Rank 1 : false
2023-05-05 19:22:20,506 [INFO] ADCParametersView:116 -                Rank 1 : false
2023-05-05 19:22:20,520 [INFO] ADCParametersView:116 -                Rank 1 : false
2023-05-05 19:22:20,520 [INFO] ADCParametersView:116 -                Rank 1 : false
2023-05-05 19:22:20,520 [INFO] ADCParametersView:116 -                Rank 1 : false
2023-05-05 19:22:20,520 [INFO] ADCParametersView:116 -                Rank 1 : false
2023-05-05 19:22:20,520 [INFO] ADCParametersView:116 -                Rank 1 : false
2023-05-05 19:22:20,520 [INFO] ADCParametersView:116 -                Rank 1 : false
2023-05-05 19:22:20,521 [INFO] ADCParametersView:116 -                Rank 1 : false
2023-05-05 19:22:20,521 [INFO] ADCParametersView:116 -                Rank 1 : false
2023-05-05 19:22:20,521 [INFO] ADCParametersView:116 -                Rank 1 : false
2023-05-05 19:22:20,521 [INFO] ADCParametersView:116 -                Rank 1 : false
2023-05-05 19:22:20,524 [INFO] ADCParametersView:116 -                Rank 1 : false
2023-05-05 19:22:47,640 [INFO] ADCParametersView:116 -                Rank 1 : true
2023-05-05 19:24:09,296 [INFO] ADCParametersView:116 -                Rank 1 : true
2023-05-05 19:24:09,297 [INFO] ADCParametersView:116 -                Rank 1 : true
2023-05-05 19:24:09,297 [INFO] ADCParametersView:116 -                Rank 1 : true
2023-05-05 19:24:09,297 [INFO] ADCParametersView:116 -                Rank 1 : true
2023-05-05 19:24:09,297 [INFO] ADCParametersView:116 -                Rank 1 : true
2023-05-05 19:24:09,297 [INFO] ADCParametersView:116 -                Rank 1 : true
2023-05-05 19:24:09,297 [INFO] ADCParametersView:116 -                Rank 1 : true
2023-05-05 19:24:09,297 [INFO] ADCParametersView:116 -                Rank 1 : true
2023-05-05 19:24:09,297 [INFO] ADCParametersView:116 -                Rank 1 : true
2023-05-05 19:24:09,297 [INFO] ADCParametersView:116 -                Rank 1 : true
2023-05-05 19:24:09,301 [INFO] ADCParametersView:116 -                Rank 1 : true
2023-05-05 19:24:09,312 [INFO] ADCParametersView:116 -                Rank 1 : true
2023-05-05 19:24:09,312 [INFO] ADCParametersView:116 -                Rank 1 : true
2023-05-05 19:24:09,312 [INFO] ADCParametersView:116 -                Rank 1 : true
2023-05-05 19:24:09,312 [INFO] ADCParametersView:116 -                Rank 1 : true
2023-05-05 19:24:09,312 [INFO] ADCParametersView:116 -                Rank 1 : true
2023-05-05 19:24:09,312 [INFO] ADCParametersView:116 -                Rank 1 : true
2023-05-05 19:24:09,312 [INFO] ADCParametersView:116 -                Rank 1 : true
2023-05-05 19:24:09,312 [INFO] ADCParametersView:116 -                Rank 1 : true
2023-05-05 19:24:09,312 [INFO] ADCParametersView:116 -                Rank 1 : true
2023-05-05 19:24:09,312 [INFO] ADCParametersView:116 -                Rank 1 : true
2023-05-05 19:24:09,316 [INFO] ADCParametersView:116 -                Rank 1 : true
2023-05-05 19:27:02,804 [INFO] UtilMem:75 - End SaveConfig() Used Memory: 385911480 Bytes (823132160)
2023-05-05 19:27:03,777 [INFO] UtilMem:75 - End SaveConfig() Used Memory: 403215032 Bytes (823132160)
2023-05-05 19:27:05,190 [INFO] UtilMem:75 - End SaveConfig() Used Memory: 438933744 Bytes (823132160)
2023-05-05 19:27:05,441 [INFO] ProjectBuilder:2308 - IP not ready for code generation: Clock
2023-05-05 19:27:07,827 [INFO] BlockDiagram:2759 - set Specific Code input for plugin: NVIC
2023-05-05 19:27:07,827 [INFO] BlockDiagram:2759 - set Specific Code input for plugin: USART
2023-05-05 19:27:07,827 [INFO] BlockDiagram:2759 - set Specific Code input for plugin: USART
2023-05-05 19:27:07,827 [INFO] BlockDiagram:2759 - set Specific Code input for plugin: TIM1_8F1
2023-05-05 19:27:07,827 [INFO] BlockDiagram:2759 - set Specific Code input for plugin: SYS
2023-05-05 19:27:07,827 [INFO] BlockDiagram:2759 - set Specific Code input for plugin: GPIO
2023-05-05 19:27:07,827 [INFO] BlockDiagram:2759 - set Specific Code input for plugin: ADC
2023-05-05 19:27:07,827 [INFO] BlockDiagram:2759 - set Specific Code input for plugin: RCC
2023-05-05 19:27:07,843 [INFO] CodeGenerator:793 - code generatio: config db path: C:\ST\STM32CubeIDE_1.7.0\STM32CubeIDE\plugins\com.st.stm32cube.common.mx_6.8.0.202302231600\\db\
2023-05-05 19:27:08,078 [INFO] CodeEngine:255 - oldGeneratedFile, E:\IoT\Assignment\MCU\Signal_Control\MXTmpFiles\license.tmp_save
2023-05-05 19:27:08,157 [INFO] CodeEngine:279 - Generated code: E:\IoT\Assignment\MCU\Signal_Control\MXTmpFiles\license.tmp
2023-05-05 19:27:08,267 [INFO] CodeEngine:255 - oldGeneratedFile, E:\IoT\Assignment\MCU\Signal_Control\MXTmpFiles\gpio.tmp_save
2023-05-05 19:27:08,361 [INFO] CodeEngine:279 - Generated code: E:\IoT\Assignment\MCU\Signal_Control\MXTmpFiles\gpio.tmp
2023-05-05 19:27:08,628 [INFO] CodeEngine:255 - oldGeneratedFile, E:\IoT\Assignment\MCU\Signal_Control\Core\Src\stm32f1xx_it.c_save
2023-05-05 19:27:09,007 [INFO] CodeEngine:279 - Generated code: E:\IoT\Assignment\MCU\Signal_Control\Core\Src\stm32f1xx_it.c
2023-05-05 19:27:09,020 [INFO] CodeEngine:255 - oldGeneratedFile, E:\IoT\Assignment\MCU\Signal_Control\Core\Inc\stm32f1xx_it.h_save
2023-05-05 19:27:09,130 [INFO] CodeEngine:279 - Generated code: E:\IoT\Assignment\MCU\Signal_Control\Core\Inc\stm32f1xx_it.h
2023-05-05 19:27:09,192 [INFO] CodeEngine:255 - oldGeneratedFile, E:\IoT\Assignment\MCU\Signal_Control\Core\Src\stm32f1xx_hal_msp.c_save
2023-05-05 19:27:09,334 [INFO] CodeEngine:279 - Generated code: E:\IoT\Assignment\MCU\Signal_Control\Core\Src\stm32f1xx_hal_msp.c
2023-05-05 19:27:09,365 [INFO] CodeEngine:255 - oldGeneratedFile, E:\IoT\Assignment\MCU\Signal_Control\MXTmpFiles\system.tmp_save
2023-05-05 19:27:09,412 [INFO] CodeEngine:279 - Generated code: E:\IoT\Assignment\MCU\Signal_Control\MXTmpFiles\system.tmp
2023-05-05 19:27:09,444 [INFO] CodeEngine:311 - oldGeneratedFile, E:\IoT\Assignment\MCU\Signal_Control\Core\Inc\stm32f1xx_hal_conf.h_save
2023-05-05 19:27:09,585 [INFO] CodeEngine:335 - Generated code: E:\IoT\Assignment\MCU\Signal_Control\Core\Inc\stm32f1xx_hal_conf.h
2023-05-05 19:27:09,616 [WARN] IPConfigManager:3431 - IP not found : TIM
2023-05-05 19:27:09,616 [WARN] CodeGenerator:3754 - IP not found : null
2023-05-05 19:27:09,647 [INFO] CodeEngine:255 - oldGeneratedFile, E:\IoT\Assignment\MCU\Signal_Control\Core\Inc\main.h_save
2023-05-05 19:27:09,773 [INFO] CodeEngine:279 - Generated code: E:\IoT\Assignment\MCU\Signal_Control\Core\Inc\main.h
2023-05-05 19:27:09,788 [INFO] CodeEngine:255 - oldGeneratedFile, E:\IoT\Assignment\MCU\Signal_Control\Core\Src\main.c_save
2023-05-05 19:27:09,914 [INFO] CodeEngine:279 - Generated code: E:\IoT\Assignment\MCU\Signal_Control\Core\Src\main.c
2023-05-05 19:27:10,982 [INFO] ProjectBuilder:2996 - Time for Copy HAL[1] : 456mS.
2023-05-05 19:27:10,982 [INFO] ProjectBuilder:4304 - Project Generator version: 3.19.2
2023-05-05 19:27:11,212 [INFO] ConfigFileManager:1483 - The Die is : DIE410
2023-05-05 19:27:11,217 [INFO] ApiDbMcu:507 - Load IP Config File for FATFS
2023-05-05 19:27:11,264 [INFO] ApiDbMcu:507 - Load IP Config File for FREERTOS
2023-05-05 19:27:11,296 [INFO] ApiDbMcu:507 - Load IP Config File for USB_DEVICE
2023-05-05 19:27:14,625 [INFO] ProjectBuilder:4505 - Time for Generating toolchain IDE Files: 3643mS.
2023-05-05 19:27:14,625 [INFO] ProjectBuilder:2867 - Time for Copy CMSIS : 0mS.
2023-05-05 19:27:14,640 [INFO] ProjectBuilder:2867 - Time for Copy CMSIS : 0mS.
2023-05-05 20:04:26,166 [INFO] NvicIntPanel:101 - NVIC parent = com.st.microxplorer.plugins.ip.nvic.MultiNvicIntPanel[,0,0,453x169,layout=javax.swing.BoxLayout,alignmentX=0.0,alignmentY=0.0,border=,flags=9,maximumSize=,minimumSize=,preferredSize=]
2023-05-05 20:04:28,269 [INFO] NvicIntPanel:101 - NVIC parent = com.st.microxplorer.plugins.ip.nvic.MultiNvicIntPanel[,0,0,0x0,invalid,layout=javax.swing.BoxLayout,alignmentX=0.0,alignmentY=0.0,border=,flags=9,maximumSize=,minimumSize=,preferredSize=]
2023-05-05 20:04:32,118 [INFO] UtilMem:75 - End SaveConfig() Used Memory: 459360728 Bytes (823132160)
2023-05-05 20:04:33,124 [INFO] UtilMem:75 - End SaveConfig() Used Memory: 477449888 Bytes (823132160)
2023-05-05 20:04:34,364 [INFO] UtilMem:75 - End SaveConfig() Used Memory: 515127240 Bytes (823132160)
2023-05-05 20:04:34,615 [INFO] ProjectBuilder:2308 - IP not ready for code generation: Clock
2023-05-05 20:04:43,982 [INFO] BlockDiagram:2759 - set Specific Code input for plugin: NVIC
2023-05-05 20:04:43,982 [INFO] BlockDiagram:2759 - set Specific Code input for plugin: USART
2023-05-05 20:04:43,982 [INFO] BlockDiagram:2759 - set Specific Code input for plugin: USART
2023-05-05 20:04:43,982 [INFO] BlockDiagram:2759 - set Specific Code input for plugin: TIM1_8F1
2023-05-05 20:04:43,982 [INFO] BlockDiagram:2759 - set Specific Code input for plugin: SYS
2023-05-05 20:04:43,982 [INFO] BlockDiagram:2759 - set Specific Code input for plugin: GPIO
2023-05-05 20:04:43,982 [INFO] BlockDiagram:2759 - set Specific Code input for plugin: ADC
2023-05-05 20:04:43,982 [INFO] BlockDiagram:2759 - set Specific Code input for plugin: RCC
2023-05-05 20:04:43,982 [INFO] CodeGenerator:793 - code generatio: config db path: C:\ST\STM32CubeIDE_1.7.0\STM32CubeIDE\plugins\com.st.stm32cube.common.mx_6.8.0.202302231600\\db\
2023-05-05 20:04:44,116 [INFO] CodeEngine:255 - oldGeneratedFile, E:\IoT\Assignment\MCU\Signal_Control\MXTmpFiles\license.tmp_save
2023-05-05 20:04:44,195 [INFO] CodeEngine:279 - Generated code: E:\IoT\Assignment\MCU\Signal_Control\MXTmpFiles\license.tmp
2023-05-05 20:04:44,226 [INFO] CodeEngine:255 - oldGeneratedFile, E:\IoT\Assignment\MCU\Signal_Control\MXTmpFiles\gpio.tmp_save
2023-05-05 20:04:44,304 [INFO] CodeEngine:279 - Generated code: E:\IoT\Assignment\MCU\Signal_Control\MXTmpFiles\gpio.tmp
2023-05-05 20:04:44,483 [INFO] CodeEngine:255 - oldGeneratedFile, E:\IoT\Assignment\MCU\Signal_Control\Core\Src\stm32f1xx_it.c_save
2023-05-05 20:04:44,774 [INFO] CodeEngine:279 - Generated code: E:\IoT\Assignment\MCU\Signal_Control\Core\Src\stm32f1xx_it.c
2023-05-05 20:04:44,885 [INFO] CodeEngine:255 - oldGeneratedFile, E:\IoT\Assignment\MCU\Signal_Control\Core\Inc\stm32f1xx_it.h_save
2023-05-05 20:04:44,947 [INFO] CodeEngine:279 - Generated code: E:\IoT\Assignment\MCU\Signal_Control\Core\Inc\stm32f1xx_it.h
2023-05-05 20:04:44,979 [INFO] CodeEngine:255 - oldGeneratedFile, E:\IoT\Assignment\MCU\Signal_Control\Core\Src\stm32f1xx_hal_msp.c_save
2023-05-05 20:04:45,089 [INFO] CodeEngine:279 - Generated code: E:\IoT\Assignment\MCU\Signal_Control\Core\Src\stm32f1xx_hal_msp.c
2023-05-05 20:04:45,089 [INFO] CodeEngine:255 - oldGeneratedFile, E:\IoT\Assignment\MCU\Signal_Control\MXTmpFiles\system.tmp_save
2023-05-05 20:04:45,151 [INFO] CodeEngine:279 - Generated code: E:\IoT\Assignment\MCU\Signal_Control\MXTmpFiles\system.tmp
2023-05-05 20:04:45,167 [INFO] CodeEngine:311 - oldGeneratedFile, E:\IoT\Assignment\MCU\Signal_Control\Core\Inc\stm32f1xx_hal_conf.h_save
2023-05-05 20:04:45,246 [INFO] CodeEngine:335 - Generated code: E:\IoT\Assignment\MCU\Signal_Control\Core\Inc\stm32f1xx_hal_conf.h
2023-05-05 20:04:45,261 [WARN] IPConfigManager:3431 - IP not found : TIM
2023-05-05 20:04:45,261 [WARN] CodeGenerator:3754 - IP not found : null
2023-05-05 20:04:45,284 [INFO] CodeEngine:255 - oldGeneratedFile, E:\IoT\Assignment\MCU\Signal_Control\Core\Inc\main.h_save
2023-05-05 20:04:45,371 [INFO] CodeEngine:279 - Generated code: E:\IoT\Assignment\MCU\Signal_Control\Core\Inc\main.h
2023-05-05 20:04:45,387 [INFO] CodeEngine:255 - oldGeneratedFile, E:\IoT\Assignment\MCU\Signal_Control\Core\Src\main.c_save
2023-05-05 20:04:45,497 [INFO] CodeEngine:279 - Generated code: E:\IoT\Assignment\MCU\Signal_Control\Core\Src\main.c
2023-05-05 20:04:46,171 [INFO] ProjectBuilder:2996 - Time for Copy HAL[1] : 141mS.
2023-05-05 20:04:46,171 [INFO] ProjectBuilder:4304 - Project Generator version: 3.19.2
2023-05-05 20:04:46,517 [INFO] ConfigFileManager:1483 - The Die is : DIE410
2023-05-05 20:04:48,801 [INFO] ProjectBuilder:4505 - Time for Generating toolchain IDE Files: 2629mS.
2023-05-05 20:04:48,823 [INFO] ProjectBuilder:2867 - Time for Copy CMSIS : 0mS.
2023-05-05 20:04:48,825 [INFO] ProjectBuilder:2867 - Time for Copy CMSIS : 0mS.
